Using pre-set license
Built from '2022.3/staging' branch; Version is '2022.3.50f1 (c3db7f8bf9b1) revision 12835711'; Using compiler version '192829333'; Build Type 'Release'
OS: 'Windows 10  (10.0.19044) 64bit IoTEnterpriseS' Language: 'en' Physical Memory: 31965 MB
BatchMode: 1, IsHumanControllingUs: 0, StartBugReporterOnCrash: 0, Is64bit: 1, IsPro: 1

COMMAND LINE ARGUMENTS:
C:\Program Files\Unity\Hub\Editor\2022.3.50f1\Editor\Unity.exe
-adb2
-batchMode
-noUpm
-name
AssetImportWorker2
-projectPath
C:/Users/sefa/Documents/GitHub/blmproje/Proje
-logFile
Logs/AssetImportWorker2.log
-srvPort
60991
Successfully changed project path to: C:/Users/sefa/Documents/GitHub/blmproje/Proje
C:/Users/sefa/Documents/GitHub/blmproje/Proje
[UnityMemory] Configuration Parameters - Can be set up in boot.config
    "memorysetup-bucket-allocator-granularity=16"
    "memorysetup-bucket-allocator-bucket-count=8"
    "memorysetup-bucket-allocator-block-size=33554432"
    "memorysetup-bucket-allocator-block-count=8"
    "memorysetup-main-allocator-block-size=16777216"
    "memorysetup-thread-allocator-block-size=16777216"
    "memorysetup-gfx-main-allocator-block-size=16777216"
    "memorysetup-gfx-thread-allocator-block-size=16777216"
    "memorysetup-cache-allocator-block-size=4194304"
    "memorysetup-typetree-allocator-block-size=2097152"
    "memorysetup-profiler-bucket-allocator-granularity=16"
    "memorysetup-profiler-bucket-allocator-bucket-count=8"
    "memorysetup-profiler-bucket-allocator-block-size=33554432"
    "memorysetup-profiler-bucket-allocator-block-count=8"
    "memorysetup-profiler-allocator-block-size=16777216"
    "memorysetup-profiler-editor-allocator-block-size=1048576"
    "memorysetup-temp-allocator-size-main=16777216"
    "memorysetup-job-temp-allocator-block-size=2097152"
    "memorysetup-job-temp-allocator-block-size-background=1048576"
    "memorysetup-job-temp-allocator-reduction-small-platforms=262144"
    "memorysetup-allocator-temp-initial-block-size-main=262144"
    "memorysetup-allocator-temp-initial-block-size-worker=262144"
    "memorysetup-temp-allocator-size-background-worker=32768"
    "memorysetup-temp-allocator-size-job-worker=262144"
    "memorysetup-temp-allocator-size-preload-manager=33554432"
    "memorysetup-temp-allocator-size-nav-mesh-worker=65536"
    "memorysetup-temp-allocator-size-audio-worker=65536"
    "memorysetup-temp-allocator-size-cloud-worker=32768"
    "memorysetup-temp-allocator-size-gi-baking-worker=262144"
    "memorysetup-temp-allocator-size-gfx=262144"
Player connection [256232]  Target information:

Player connection [256232]  * "[IP] 192.168.1.106 [Port] 0 [Flags] 2 [Guid] 3270096010 [EditorId] 3270096010 [Version] 1048832 [Id] WindowsEditor(7,DESKTOP-F0181D6) [Debug] 1 [PackageName] WindowsEditor [ProjectName] Editor" 

Player connection [256232] Host joined multi-casting on [225.0.0.222:54997]...
Player connection [256232] Host joined alternative multi-casting on [225.0.0.222:34997]...
[PhysX] Initialized MultithreadedTaskDispatcher with 12 workers.
Refreshing native plugins compatible for Editor in 11.78 ms, found 4 plugins.
Preloading 0 native plugins for Editor in 0.00 ms.
Initialize engine version: 2022.3.50f1 (c3db7f8bf9b1)
[Subsystems] Discovering subsystems at path C:/Program Files/Unity/Hub/Editor/2022.3.50f1/Editor/Data/Resources/UnitySubsystems
[Subsystems] Discovering subsystems at path C:/Users/sefa/Documents/GitHub/blmproje/Proje/Assets
GfxDevice: creating device client; threaded=0; jobified=0
Direct3D:
    Version:  Direct3D 11.0 [level 11.1]
    Renderer: NVIDIA GeForce RTX 4060 (ID=0x2882)
    Vendor:   NVIDIA
    VRAM:     7957 MB
    Driver:   32.0.15.6636
Initialize mono
Mono path[0] = 'C:/Program Files/Unity/Hub/Editor/2022.3.50f1/Editor/Data/Managed'
Mono path[1] = 'C:/Program Files/Unity/Hub/Editor/2022.3.50f1/Editor/Data/MonoBleedingEdge/lib/mono/unityjit-win32'
Mono config path = 'C:/Program Files/Unity/Hub/Editor/2022.3.50f1/Editor/Data/MonoBleedingEdge/etc'
Using monoOptions --debugger-agent=transport=dt_socket,embedding=1,server=y,suspend=n,address=127.0.0.1:56484
Begin MonoManager ReloadAssembly
Registering precompiled unity dll's ...
Register platform support module: C:/Program Files/Unity/Hub/Editor/2022.3.50f1/Editor/Data/PlaybackEngines/WebGLSupport/UnityEditor.WebGL.Extensions.dll
Register platform support module: C:/Program Files/Unity/Hub/Editor/2022.3.50f1/Editor/Data/PlaybackEngines/WindowsStandaloneSupport/UnityEditor.WindowsStandalone.Extensions.dll
Registered in 0.009056 seconds.
- Loaded All Assemblies, in  0.210 seconds
Native extension for WindowsStandalone target not found
Native extension for WebGL target not found
Mono: successfully reloaded assembly
- Finished resetting the current domain, in  0.148 seconds
Domain Reload Profiling: 356ms
	BeginReloadAssembly (64ms)
		ExecutionOrderSort (0ms)
		DisableScriptedObjects (0ms)
		BackupInstance (0ms)
		ReleaseScriptingObjects (0ms)
		CreateAndSetChildDomain (0ms)
	RebuildCommonClasses (19ms)
	RebuildNativeTypeToScriptingClass (6ms)
	initialDomainReloadingComplete (40ms)
	LoadAllAssembliesAndSetupDomain (80ms)
		LoadAssemblies (63ms)
		RebuildTransferFunctionScriptingTraits (0ms)
		AnalyzeDomain (78ms)
			TypeCache.Refresh (77ms)
				TypeCache.ScanAssembly (69ms)
			ScanForSourceGeneratedMonoScriptInfo (0ms)
			ResolveRequiredComponents (0ms)
	FinalizeReload (148ms)
		ReleaseScriptCaches (0ms)
		RebuildScriptCaches (0ms)
		SetupLoadedEditorAssemblies (122ms)
			LogAssemblyErrors (0ms)
			InitializePlatformSupportModulesInManaged (7ms)
			SetLoadedEditorAssemblies (3ms)
			RefreshPlugins (0ms)
			BeforeProcessingInitializeOnLoad (1ms)
			ProcessInitializeOnLoadAttributes (86ms)
			ProcessInitializeOnLoadMethodAttributes (25ms)
			AfterProcessingInitializeOnLoad (0ms)
			EditorAssembliesLoaded (0ms)
		ExecutionOrderSort2 (0ms)
		AwakeInstancesAfterBackupRestoration (0ms)
========================================================================
Worker process is ready to serve import requests
Caller must complete domain reload
Begin MonoManager ReloadAssembly
- Loaded All Assemblies, in  0.454 seconds
Native extension for WindowsStandalone target not found
Native extension for WebGL target not found
Mono: successfully reloaded assembly
- Finished resetting the current domain, in  0.450 seconds
Domain Reload Profiling: 901ms
	BeginReloadAssembly (95ms)
		ExecutionOrderSort (0ms)
		DisableScriptedObjects (3ms)
		BackupInstance (0ms)
		ReleaseScriptingObjects (0ms)
		CreateAndSetChildDomain (17ms)
	RebuildCommonClasses (19ms)
	RebuildNativeTypeToScriptingClass (6ms)
	initialDomainReloadingComplete (28ms)
	LoadAllAssembliesAndSetupDomain (302ms)
		LoadAssemblies (238ms)
		RebuildTransferFunctionScriptingTraits (0ms)
		AnalyzeDomain (120ms)
			TypeCache.Refresh (97ms)
				TypeCache.ScanAssembly (87ms)
			ScanForSourceGeneratedMonoScriptInfo (16ms)
			ResolveRequiredComponents (6ms)
	FinalizeReload (450ms)
		ReleaseScriptCaches (0ms)
		RebuildScriptCaches (0ms)
		SetupLoadedEditorAssemblies (362ms)
			LogAssemblyErrors (0ms)
			InitializePlatformSupportModulesInManaged (6ms)
			SetLoadedEditorAssemblies (3ms)
			RefreshPlugins (0ms)
			BeforeProcessingInitializeOnLoad (58ms)
			ProcessInitializeOnLoadAttributes (245ms)
			ProcessInitializeOnLoadMethodAttributes (43ms)
			AfterProcessingInitializeOnLoad (7ms)
			EditorAssembliesLoaded (0ms)
		ExecutionOrderSort2 (0ms)
		AwakeInstancesAfterBackupRestoration (3ms)
Launched and connected shader compiler UnityShaderCompiler.exe after 0.03 seconds
Refreshing native plugins compatible for Editor in 3.92 ms, found 4 plugins.
Preloading 0 native plugins for Editor in 0.00 ms.
Unloading 5814 Unused Serialized files (Serialized files now loaded: 0)
Unloading 52 unused Assets / (0.6 MB). Loaded Objects now: 6276.
Memory consumption went from 230.2 MB to 229.6 MB.
Total: 2.938000 ms (FindLiveObjects: 0.313800 ms CreateObjectMapping: 0.096200 ms MarkObjects: 2.294000 ms  DeleteObjects: 0.233600 ms)

AssetImportParameters requested are different than current active one (requested -> active):
  custom:container-demuxer-ogg: 62fdf1f143b41e24485cea50d1cbac27 -> 
  custom:video-decoder-ogg-theora: a1e56fd34408186e4bbccfd4996cb3dc -> 
  custom:framework-win-MediaFoundation: 216162199b28c13a410421893ffa2e32 -> 
  custom:CustomObjectIndexerAttribute: 72b91833f83ae208fae7752999fa3104 -> 
  custom:container-demuxer-webm: 4f35f7cbe854078d1ac9338744f61a02 -> 
  custom:container-muxer-webm: aa71ff27fc2769a1b78a27578f13a17b -> 
  custom:video-decoder-webm-vp8: 9c59270c3fd7afecdb556c50c9e8de78 -> 
  custom:SearchIndexIgnoredProperties: e643bd26f0fe6173181afceb89e7c659 -> 
  custom:AudioImporter_EditorPlatform: d09bf68614088b80899f8185d706f6e7 -> 
  custom:video-encoder-webm-vp8: eb34c28f22e8b96e1ab97ce403110664 -> 
  custom:audio-decoder-ogg-vorbis: bf7c407c2cedff20999df2af8eb42d56 -> 
  custom:audio-encoder-webm-vorbis: bf7c407c2cedff20999df2af8eb42d56 -> 
========================================================================
Received Import Request.
  Time since last request: 1244926.341192 seconds.
  path: Assets/0x72_16x16DungeonTileset.v5/items/boxes_stacked.png
  artifactKey: Guid(bb9bc8c9b79149b4b9c8a636a0bfb5ea) Importer(815301076,1909f56bfc062723c751e8b465ee728b)
Start importing Assets/0x72_16x16DungeonTileset.v5/items/boxes_stacked.png using Guid(bb9bc8c9b79149b4b9c8a636a0bfb5ea) Importer(815301076,1909f56bfc062723c751e8b465ee728b) [PhysX] Initialized MultithreadedTaskDispatcher with 12 workers.
[PhysX] Initialized MultithreadedTaskDispatcher with 12 workers.
 -> (artifact id: '50e4832906433ba57180047cd5cd5cfe') in 0.080012 seconds
Number of updated asset objects reloaded before import = 0
Number of asset objects unloaded after import = 3
========================================================================
Received Import Request.
  Time since last request: 0.000018 seconds.
  path: Assets/CourseAssets/Textures/Tilemap/Floor/crystal_floor1.png
  artifactKey: Guid(a59b70dbf628e9042acb4e0d29166ea9) Importer(815301076,1909f56bfc062723c751e8b465ee728b)
Start importing Assets/CourseAssets/Textures/Tilemap/Floor/crystal_floor1.png using Guid(a59b70dbf628e9042acb4e0d29166ea9) Importer(815301076,1909f56bfc062723c751e8b465ee728b) [PhysX] Initialized MultithreadedTaskDispatcher with 12 workers.
[PhysX] Initialized MultithreadedTaskDispatcher with 12 workers.
 -> (artifact id: '169471c015acd132ee11e055cb20b9fc') in 0.289378 seconds
Number of updated asset objects reloaded before import = 0
Number of asset objects unloaded after import = 5464
========================================================================
Received Import Request.
  Time since last request: 0.000026 seconds.
  path: Assets/0x72_16x16DungeonTileset.v5/items/chest_closed.png
  artifactKey: Guid(cb78807a6f4852546964f0dcf1725ede) Importer(815301076,1909f56bfc062723c751e8b465ee728b)
Start importing Assets/0x72_16x16DungeonTileset.v5/items/chest_closed.png using Guid(cb78807a6f4852546964f0dcf1725ede) Importer(815301076,1909f56bfc062723c751e8b465ee728b) [PhysX] Initialized MultithreadedTaskDispatcher with 12 workers.
[PhysX] Initialized MultithreadedTaskDispatcher with 12 workers.
 -> (artifact id: 'e5e32bc73cb6e3f2ad339be7036da6b5') in 0.021999 seconds
Number of updated asset objects reloaded before import = 0
Number of asset objects unloaded after import = 3
========================================================================
Received Import Request.
  Time since last request: 0.000019 seconds.
  path: Assets/0x72_DungeonTilesetII_v1.7/frames/chest_mimic_open_anim_f2.png
  artifactKey: Guid(cd703984c16025f40a4eb1df07774ac7) Importer(815301076,1909f56bfc062723c751e8b465ee728b)
Start importing Assets/0x72_DungeonTilesetII_v1.7/frames/chest_mimic_open_anim_f2.png using Guid(cd703984c16025f40a4eb1df07774ac7) Importer(815301076,1909f56bfc062723c751e8b465ee728b) [PhysX] Initialized MultithreadedTaskDispatcher with 12 workers.
[PhysX] Initialized MultithreadedTaskDispatcher with 12 workers.
 -> (artifact id: '6103081cd613caaf155375585979bbd9') in 0.012163 seconds
Number of updated asset objects reloaded before import = 0
Number of asset objects unloaded after import = 3
========================================================================
Received Import Request.
  Time since last request: 0.000015 seconds.
  path: Assets/0x72_DungeonTilesetII_v1.7/frames/chest_mimic_open_anim_f0.png
  artifactKey: Guid(dccb1dec5507cad4fa70222abaa6bcae) Importer(815301076,1909f56bfc062723c751e8b465ee728b)
Start importing Assets/0x72_DungeonTilesetII_v1.7/frames/chest_mimic_open_anim_f0.png using Guid(dccb1dec5507cad4fa70222abaa6bcae) Importer(815301076,1909f56bfc062723c751e8b465ee728b) [PhysX] Initialized MultithreadedTaskDispatcher with 12 workers.
[PhysX] Initialized MultithreadedTaskDispatcher with 12 workers.
 -> (artifact id: '56ef4806fdce0428d17fd99b80244861') in 0.005066 seconds
Number of updated asset objects reloaded before import = 0
Number of asset objects unloaded after import = 3
========================================================================
Received Import Request.
  Time since last request: 0.000011 seconds.
  path: Assets/CourseAssets/Textures/Tilemap/Floor/crystal_floor5.png
  artifactKey: Guid(5314c47d64fbbbf48a207f8823bf7a5e) Importer(815301076,1909f56bfc062723c751e8b465ee728b)
Start importing Assets/CourseAssets/Textures/Tilemap/Floor/crystal_floor5.png using Guid(5314c47d64fbbbf48a207f8823bf7a5e) Importer(815301076,1909f56bfc062723c751e8b465ee728b) [PhysX] Initialized MultithreadedTaskDispatcher with 12 workers.
[PhysX] Initialized MultithreadedTaskDispatcher with 12 workers.
 -> (artifact id: 'a9672a3806ab3e765f348d5a4a1512d5') in 0.236076 seconds
Number of updated asset objects reloaded before import = 0
Number of asset objects unloaded after import = 5464
========================================================================
Received Import Request.
  Time since last request: 0.000022 seconds.
  path: Assets/0x72_16x16DungeonTileset.v5/items/chest_golden_open_full.png
  artifactKey: Guid(9432d36d2881eb747a98496eac6f148a) Importer(815301076,1909f56bfc062723c751e8b465ee728b)
Start importing Assets/0x72_16x16DungeonTileset.v5/items/chest_golden_open_full.png using Guid(9432d36d2881eb747a98496eac6f148a) Importer(815301076,1909f56bfc062723c751e8b465ee728b) [PhysX] Initialized MultithreadedTaskDispatcher with 12 workers.
[PhysX] Initialized MultithreadedTaskDispatcher with 12 workers.
 -> (artifact id: '8eada95ce5e67bb2676d4cb52f0977a3') in 0.013590 seconds
Number of updated asset objects reloaded before import = 0
Number of asset objects unloaded after import = 3
========================================================================
Received Import Request.
  Time since last request: 0.000023 seconds.
  path: Assets/CourseAssets/Textures/Sprites/Environment/Chest.png
  artifactKey: Guid(beeb19d9abdca5b4fae733163f7ad375) Importer(815301076,1909f56bfc062723c751e8b465ee728b)
Start importing Assets/CourseAssets/Textures/Sprites/Environment/Chest.png using Guid(beeb19d9abdca5b4fae733163f7ad375) Importer(815301076,1909f56bfc062723c751e8b465ee728b) [PhysX] Initialized MultithreadedTaskDispatcher with 12 workers.
[PhysX] Initialized MultithreadedTaskDispatcher with 12 workers.
 -> (artifact id: '11b37cd798c86a04292fe533af9a9d42') in 0.236668 seconds
Number of updated asset objects reloaded before import = 0
Number of asset objects unloaded after import = 5464
========================================================================
Received Import Request.
  Time since last request: 0.000025 seconds.
  path: Assets/CourseAssets/Textures/Sprites/Bosses/SlimeBlockKing/Blue/SlimeBlockKingIdleDown_Blue.png
  artifactKey: Guid(7c7bfa40a3f24114b9b4a4224647a937) Importer(815301076,1909f56bfc062723c751e8b465ee728b)
Start importing Assets/CourseAssets/Textures/Sprites/Bosses/SlimeBlockKing/Blue/SlimeBlockKingIdleDown_Blue.png using Guid(7c7bfa40a3f24114b9b4a4224647a937) Importer(815301076,1909f56bfc062723c751e8b465ee728b) [PhysX] Initialized MultithreadedTaskDispatcher with 12 workers.
[PhysX] Initialized MultithreadedTaskDispatcher with 12 workers.
 -> (artifact id: '3081c656d6de51cf9a5f7bc36f46061f') in 0.246249 seconds
Number of updated asset objects reloaded before import = 0
Number of asset objects unloaded after import = 5464
========================================================================
Received Import Request.
  Time since last request: 0.000030 seconds.
  path: Assets/CourseAssets/Textures/Sprites/Bosses/SlimeBlockKing/Red/SlimeBlockKingIdleRight_Red.png
  artifactKey: Guid(f2675db4d2cb6a1438d4f172969d4028) Importer(815301076,1909f56bfc062723c751e8b465ee728b)
Start importing Assets/CourseAssets/Textures/Sprites/Bosses/SlimeBlockKing/Red/SlimeBlockKingIdleRight_Red.png using Guid(f2675db4d2cb6a1438d4f172969d4028) Importer(815301076,1909f56bfc062723c751e8b465ee728b) [PhysX] Initialized MultithreadedTaskDispatcher with 12 workers.
[PhysX] Initialized MultithreadedTaskDispatcher with 12 workers.
 -> (artifact id: '2720c276abe750f4318e24d504608056') in 0.243832 seconds
Number of updated asset objects reloaded before import = 0
Number of asset objects unloaded after import = 5464
========================================================================
Received Import Request.
  Time since last request: 0.000022 seconds.
  path: Assets/CourseAssets/Textures/Sprites/Enemies/SlimeBlock/SlimeBlockHand.png
  artifactKey: Guid(57ca55bc1dd435947b473f47bd6700b4) Importer(815301076,1909f56bfc062723c751e8b465ee728b)
Start importing Assets/CourseAssets/Textures/Sprites/Enemies/SlimeBlock/SlimeBlockHand.png using Guid(57ca55bc1dd435947b473f47bd6700b4) Importer(815301076,1909f56bfc062723c751e8b465ee728b) [PhysX] Initialized MultithreadedTaskDispatcher with 12 workers.
[PhysX] Initialized MultithreadedTaskDispatcher with 12 workers.
 -> (artifact id: '928c8a86643dd0ea741dac745500f4a7') in 0.228948 seconds
Number of updated asset objects reloaded before import = 0
Number of asset objects unloaded after import = 5464
========================================================================
Received Import Request.
  Time since last request: 0.000029 seconds.
  path: Assets/CourseAssets/Textures/Sprites/Bosses/SlimeBlockKing/Green/SlimeBlockKingIdleDown.png
  artifactKey: Guid(9901658a625d29946b80b1dd46e8779e) Importer(815301076,1909f56bfc062723c751e8b465ee728b)
Start importing Assets/CourseAssets/Textures/Sprites/Bosses/SlimeBlockKing/Green/SlimeBlockKingIdleDown.png using Guid(9901658a625d29946b80b1dd46e8779e) Importer(815301076,1909f56bfc062723c751e8b465ee728b) [PhysX] Initialized MultithreadedTaskDispatcher with 12 workers.
[PhysX] Initialized MultithreadedTaskDispatcher with 12 workers.
 -> (artifact id: '33868080e5593acd7b72cb69db2b8a45') in 0.241090 seconds
Number of updated asset objects reloaded before import = 0
Number of asset objects unloaded after import = 5464
========================================================================
Received Import Request.
  Time since last request: 0.000024 seconds.
  path: Assets/CourseAssets/Textures/Tilemap/Floor/slime_overlay_NW.png
  artifactKey: Guid(e650cee98e3f35f4d9d4f6892987cd34) Importer(815301076,1909f56bfc062723c751e8b465ee728b)
Start importing Assets/CourseAssets/Textures/Tilemap/Floor/slime_overlay_NW.png using Guid(e650cee98e3f35f4d9d4f6892987cd34) Importer(815301076,1909f56bfc062723c751e8b465ee728b) [PhysX] Initialized MultithreadedTaskDispatcher with 12 workers.
[PhysX] Initialized MultithreadedTaskDispatcher with 12 workers.
 -> (artifact id: 'f18ae46e517958a2f390af9b4077bf3f') in 0.237970 seconds
Number of updated asset objects reloaded before import = 0
Number of asset objects unloaded after import = 5464
========================================================================
Received Import Request.
  Time since last request: 0.000034 seconds.
  path: Assets/0x72_16x16DungeonTileset.v5/items/darkness_left.png
  artifactKey: Guid(dd7dcac7121653447a37d45ba5a25840) Importer(815301076,1909f56bfc062723c751e8b465ee728b)
Start importing Assets/0x72_16x16DungeonTileset.v5/items/darkness_left.png using Guid(dd7dcac7121653447a37d45ba5a25840) Importer(815301076,1909f56bfc062723c751e8b465ee728b) [PhysX] Initialized MultithreadedTaskDispatcher with 12 workers.
[PhysX] Initialized MultithreadedTaskDispatcher with 12 workers.
 -> (artifact id: 'c09116b72755b853a06f73db9353e2d4') in 0.013331 seconds
Number of updated asset objects reloaded before import = 0
Number of asset objects unloaded after import = 3
========================================================================
Received Import Request.
  Time since last request: 0.000013 seconds.
  path: Assets/CourseAssets/Textures/Sprites/Bosses/SlimeBlockKing/Green/SlimeBlockKingIdleRight.png
  artifactKey: Guid(d2a74f6863e866c438a09ebb5df854ce) Importer(815301076,1909f56bfc062723c751e8b465ee728b)
Start importing Assets/CourseAssets/Textures/Sprites/Bosses/SlimeBlockKing/Green/SlimeBlockKingIdleRight.png using Guid(d2a74f6863e866c438a09ebb5df854ce) Importer(815301076,1909f56bfc062723c751e8b465ee728b) [PhysX] Initialized MultithreadedTaskDispatcher with 12 workers.
[PhysX] Initialized MultithreadedTaskDispatcher with 12 workers.
 -> (artifact id: '0029b0b2523dca832cf05e8db0764941') in 0.238833 seconds
Number of updated asset objects reloaded before import = 0
Number of asset objects unloaded after import = 5464
========================================================================
Received Import Request.
  Time since last request: 0.000023 seconds.
  path: Assets/CourseAssets/Textures/Sprites/Bosses/SlimeBlockKing/Green/SlimeBlockKingIdleUp.png
  artifactKey: Guid(3349c158287d8f441980fe8014a87cfe) Importer(815301076,1909f56bfc062723c751e8b465ee728b)
Start importing Assets/CourseAssets/Textures/Sprites/Bosses/SlimeBlockKing/Green/SlimeBlockKingIdleUp.png using Guid(3349c158287d8f441980fe8014a87cfe) Importer(815301076,1909f56bfc062723c751e8b465ee728b) [PhysX] Initialized MultithreadedTaskDispatcher with 12 workers.
[PhysX] Initialized MultithreadedTaskDispatcher with 12 workers.
 -> (artifact id: 'a20cee6cf0822ad46fc837cdbc85f483') in 0.240912 seconds
Number of updated asset objects reloaded before import = 0
Number of asset objects unloaded after import = 5464
========================================================================
Received Import Request.
  Time since last request: 0.000033 seconds.
  path: Assets/CourseAssets/Textures/Tilemap/Floor/slime_overlay_SE.png
  artifactKey: Guid(d63695f82a4689342b7ddf461a93478d) Importer(815301076,1909f56bfc062723c751e8b465ee728b)
Start importing Assets/CourseAssets/Textures/Tilemap/Floor/slime_overlay_SE.png using Guid(d63695f82a4689342b7ddf461a93478d) Importer(815301076,1909f56bfc062723c751e8b465ee728b) [PhysX] Initialized MultithreadedTaskDispatcher with 12 workers.
[PhysX] Initialized MultithreadedTaskDispatcher with 12 workers.
 -> (artifact id: '42649a171310075665615f243b6dca68') in 0.258576 seconds
Number of updated asset objects reloaded before import = 0
Number of asset objects unloaded after import = 5464
========================================================================
Received Import Request.
  Time since last request: 0.000021 seconds.
  path: Assets/CourseAssets/Textures/Sprites/Bosses/SlimeBlockKing/Blue/SlimeBlockKingHand_Blue.png
  artifactKey: Guid(fe8a4377be3fbe94e8ab6e0dc570b4cd) Importer(815301076,1909f56bfc062723c751e8b465ee728b)
Start importing Assets/CourseAssets/Textures/Sprites/Bosses/SlimeBlockKing/Blue/SlimeBlockKingHand_Blue.png using Guid(fe8a4377be3fbe94e8ab6e0dc570b4cd) Importer(815301076,1909f56bfc062723c751e8b465ee728b) [PhysX] Initialized MultithreadedTaskDispatcher with 12 workers.
 -> (artifact id: 'ce9bcd1f3cefd6fa919da18b36383a24') in 0.001462 seconds
Number of updated asset objects reloaded before import = 0
Number of asset objects unloaded after import = 0
========================================================================
Received Import Request.
  Time since last request: 17.425451 seconds.
  path: Assets/Prefabs/Enemies/Enemy.prefab
  artifactKey: Guid(c6676f2ddea45a74c95364547229e667) Importer(815301076,1909f56bfc062723c751e8b465ee728b)
Start importing Assets/Prefabs/Enemies/Enemy.prefab using Guid(c6676f2ddea45a74c95364547229e667) Importer(815301076,1909f56bfc062723c751e8b465ee728b) [PhysX] Initialized MultithreadedTaskDispatcher with 12 workers.
weaponRotationPointTransform is or null and must contain a value in object Enemy
UnityEngine.StackTraceUtility:ExtractStackTrace ()
UnityEngine.DebugLogHandler:LogFormat (UnityEngine.LogType,UnityEngine.Object,string,object[])
UnityEngine.Logger:Log (UnityEngine.LogType,object)
UnityEngine.Debug:Log (object)
HelperUtilities:ValidateCheckNullValue (UnityEngine.Object,string,UnityEngine.Object) (at Assets/Scripts/Utilities/HelperUtilities.cs:98)
AimWeapon:OnValidate () (at Assets/Scripts/Weapons/AimWeapon.cs:70)

(Filename: Assets/Scripts/Utilities/HelperUtilities.cs Line: 98)

[PhysX] Initialized MultithreadedTaskDispatcher with 12 workers.
 -> (artifact id: 'ddbfe4798fc62540fa12662a591912d8') in 0.336865 seconds
Number of updated asset objects reloaded before import = 0
Number of asset objects unloaded after import = 5498
========================================================================
Received Import Request.
  Time since last request: 10.261268 seconds.
  path: Assets/Prefabs/Enemies/Enemy.prefab
  artifactKey: Guid(c6676f2ddea45a74c95364547229e667) Importer(815301076,1909f56bfc062723c751e8b465ee728b)
Start importing Assets/Prefabs/Enemies/Enemy.prefab using Guid(c6676f2ddea45a74c95364547229e667) Importer(815301076,1909f56bfc062723c751e8b465ee728b) [PhysX] Initialized MultithreadedTaskDispatcher with 12 workers.
weaponRotationPointTransform is or null and must contain a value in object Enemy
UnityEngine.StackTraceUtility:ExtractStackTrace ()
UnityEngine.DebugLogHandler:LogFormat (UnityEngine.LogType,UnityEngine.Object,string,object[])
UnityEngine.Logger:Log (UnityEngine.LogType,object)
UnityEngine.Debug:Log (object)
HelperUtilities:ValidateCheckNullValue (UnityEngine.Object,string,UnityEngine.Object) (at Assets/Scripts/Utilities/HelperUtilities.cs:98)
AimWeapon:OnValidate () (at Assets/Scripts/Weapons/AimWeapon.cs:70)

(Filename: Assets/Scripts/Utilities/HelperUtilities.cs Line: 98)

[PhysX] Initialized MultithreadedTaskDispatcher with 12 workers.
 -> (artifact id: '57e4bd76d04221ab880130fcdd8c35de') in 0.228432 seconds
Number of updated asset objects reloaded before import = 0
Number of asset objects unloaded after import = 5480
========================================================================
Received Import Request.
  Time since last request: 3.628530 seconds.
  path: Assets/Prefabs/Enemies/Enemy.prefab
  artifactKey: Guid(c6676f2ddea45a74c95364547229e667) Importer(815301076,1909f56bfc062723c751e8b465ee728b)
Start importing Assets/Prefabs/Enemies/Enemy.prefab using Guid(c6676f2ddea45a74c95364547229e667) Importer(815301076,1909f56bfc062723c751e8b465ee728b) [PhysX] Initialized MultithreadedTaskDispatcher with 12 workers.
weaponRotationPointTransform is or null and must contain a value in object Enemy
UnityEngine.StackTraceUtility:ExtractStackTrace ()
UnityEngine.DebugLogHandler:LogFormat (UnityEngine.LogType,UnityEngine.Object,string,object[])
UnityEngine.Logger:Log (UnityEngine.LogType,object)
UnityEngine.Debug:Log (object)
HelperUtilities:ValidateCheckNullValue (UnityEngine.Object,string,UnityEngine.Object) (at Assets/Scripts/Utilities/HelperUtilities.cs:98)
AimWeapon:OnValidate () (at Assets/Scripts/Weapons/AimWeapon.cs:70)

(Filename: Assets/Scripts/Utilities/HelperUtilities.cs Line: 98)

[PhysX] Initialized MultithreadedTaskDispatcher with 12 workers.
 -> (artifact id: '07dc5187f12f9db1654b25eb44851ff8') in 0.223075 seconds
Number of updated asset objects reloaded before import = 0
Number of asset objects unloaded after import = 5480
========================================================================
Received Import Request.
  Time since last request: 30.866195 seconds.
  path: Assets/Prefabs/Enemies/Enemy.prefab
  artifactKey: Guid(c6676f2ddea45a74c95364547229e667) Importer(815301076,1909f56bfc062723c751e8b465ee728b)
Start importing Assets/Prefabs/Enemies/Enemy.prefab using Guid(c6676f2ddea45a74c95364547229e667) Importer(815301076,1909f56bfc062723c751e8b465ee728b) [PhysX] Initialized MultithreadedTaskDispatcher with 12 workers.
weaponRotationPointTransform is or null and must contain a value in object Enemy
UnityEngine.StackTraceUtility:ExtractStackTrace ()
UnityEngine.DebugLogHandler:LogFormat (UnityEngine.LogType,UnityEngine.Object,string,object[])
UnityEngine.Logger:Log (UnityEngine.LogType,object)
UnityEngine.Debug:Log (object)
HelperUtilities:ValidateCheckNullValue (UnityEngine.Object,string,UnityEngine.Object) (at Assets/Scripts/Utilities/HelperUtilities.cs:98)
AimWeapon:OnValidate () (at Assets/Scripts/Weapons/AimWeapon.cs:70)

(Filename: Assets/Scripts/Utilities/HelperUtilities.cs Line: 98)

[PhysX] Initialized MultithreadedTaskDispatcher with 12 workers.
 -> (artifact id: 'a7acfc39ea83bdc17a32bcab522e4412') in 0.227496 seconds
Number of updated asset objects reloaded before import = 0
Number of asset objects unloaded after import = 5480
========================================================================
Received Import Request.
  Time since last request: 5.610067 seconds.
  path: Assets/Prefabs/Enemies/Enemy.prefab
  artifactKey: Guid(c6676f2ddea45a74c95364547229e667) Importer(815301076,1909f56bfc062723c751e8b465ee728b)
Start importing Assets/Prefabs/Enemies/Enemy.prefab using Guid(c6676f2ddea45a74c95364547229e667) Importer(815301076,1909f56bfc062723c751e8b465ee728b) [PhysX] Initialized MultithreadedTaskDispatcher with 12 workers.
weaponRotationPointTransform is or null and must contain a value in object Enemy
UnityEngine.StackTraceUtility:ExtractStackTrace ()
UnityEngine.DebugLogHandler:LogFormat (UnityEngine.LogType,UnityEngine.Object,string,object[])
UnityEngine.Logger:Log (UnityEngine.LogType,object)
UnityEngine.Debug:Log (object)
HelperUtilities:ValidateCheckNullValue (UnityEngine.Object,string,UnityEngine.Object) (at Assets/Scripts/Utilities/HelperUtilities.cs:98)
AimWeapon:OnValidate () (at Assets/Scripts/Weapons/AimWeapon.cs:70)

(Filename: Assets/Scripts/Utilities/HelperUtilities.cs Line: 98)

[PhysX] Initialized MultithreadedTaskDispatcher with 12 workers.
 -> (artifact id: 'a733e1f1144e2b5e4036b888a213dc01') in 0.223702 seconds
Number of updated asset objects reloaded before import = 0
Number of asset objects unloaded after import = 5480
========================================================================
Received Import Request.
  Time since last request: 5.647538 seconds.
  path: Assets/Prefabs/Enemies/Enemy.prefab
  artifactKey: Guid(c6676f2ddea45a74c95364547229e667) Importer(815301076,1909f56bfc062723c751e8b465ee728b)
Start importing Assets/Prefabs/Enemies/Enemy.prefab using Guid(c6676f2ddea45a74c95364547229e667) Importer(815301076,1909f56bfc062723c751e8b465ee728b) [PhysX] Initialized MultithreadedTaskDispatcher with 12 workers.
weaponRotationPointTransform is or null and must contain a value in object Enemy
UnityEngine.StackTraceUtility:ExtractStackTrace ()
UnityEngine.DebugLogHandler:LogFormat (UnityEngine.LogType,UnityEngine.Object,string,object[])
UnityEngine.Logger:Log (UnityEngine.LogType,object)
UnityEngine.Debug:Log (object)
HelperUtilities:ValidateCheckNullValue (UnityEngine.Object,string,UnityEngine.Object) (at Assets/Scripts/Utilities/HelperUtilities.cs:98)
AimWeapon:OnValidate () (at Assets/Scripts/Weapons/AimWeapon.cs:70)

(Filename: Assets/Scripts/Utilities/HelperUtilities.cs Line: 98)

[PhysX] Initialized MultithreadedTaskDispatcher with 12 workers.
 -> (artifact id: '7e8bbb0f0764e08b2e8074b3d825501a') in 0.232206 seconds
Number of updated asset objects reloaded before import = 0
Number of asset objects unloaded after import = 5480
========================================================================
Received Import Request.
  Time since last request: 2.828889 seconds.
  path: Assets/Prefabs/Enemies/Enemy.prefab
  artifactKey: Guid(c6676f2ddea45a74c95364547229e667) Importer(815301076,1909f56bfc062723c751e8b465ee728b)
Start importing Assets/Prefabs/Enemies/Enemy.prefab using Guid(c6676f2ddea45a74c95364547229e667) Importer(815301076,1909f56bfc062723c751e8b465ee728b) [PhysX] Initialized MultithreadedTaskDispatcher with 12 workers.
weaponRotationPointTransform is or null and must contain a value in object Enemy
UnityEngine.StackTraceUtility:ExtractStackTrace ()
UnityEngine.DebugLogHandler:LogFormat (UnityEngine.LogType,UnityEngine.Object,string,object[])
UnityEngine.Logger:Log (UnityEngine.LogType,object)
UnityEngine.Debug:Log (object)
HelperUtilities:ValidateCheckNullValue (UnityEngine.Object,string,UnityEngine.Object) (at Assets/Scripts/Utilities/HelperUtilities.cs:98)
AimWeapon:OnValidate () (at Assets/Scripts/Weapons/AimWeapon.cs:70)

(Filename: Assets/Scripts/Utilities/HelperUtilities.cs Line: 98)

[PhysX] Initialized MultithreadedTaskDispatcher with 12 workers.
 -> (artifact id: '3236922f2a2a31ed5f65bcc921b387e9') in 0.221081 seconds
Number of updated asset objects reloaded before import = 0
Number of asset objects unloaded after import = 5480
========================================================================
Received Import Request.
  Time since last request: 7.232819 seconds.
  path: Assets/Prefabs/Enemies/Enemy.prefab
  artifactKey: Guid(c6676f2ddea45a74c95364547229e667) Importer(815301076,1909f56bfc062723c751e8b465ee728b)
Start importing Assets/Prefabs/Enemies/Enemy.prefab using Guid(c6676f2ddea45a74c95364547229e667) Importer(815301076,1909f56bfc062723c751e8b465ee728b) [PhysX] Initialized MultithreadedTaskDispatcher with 12 workers.
weaponRotationPointTransform is or null and must contain a value in object Enemy
UnityEngine.StackTraceUtility:ExtractStackTrace ()
UnityEngine.DebugLogHandler:LogFormat (UnityEngine.LogType,UnityEngine.Object,string,object[])
UnityEngine.Logger:Log (UnityEngine.LogType,object)
UnityEngine.Debug:Log (object)
HelperUtilities:ValidateCheckNullValue (UnityEngine.Object,string,UnityEngine.Object) (at Assets/Scripts/Utilities/HelperUtilities.cs:98)
AimWeapon:OnValidate () (at Assets/Scripts/Weapons/AimWeapon.cs:70)

(Filename: Assets/Scripts/Utilities/HelperUtilities.cs Line: 98)

[PhysX] Initialized MultithreadedTaskDispatcher with 12 workers.
 -> (artifact id: '5e86f105de2cf9cc38675fea5fe58c0b') in 0.224599 seconds
Number of updated asset objects reloaded before import = 0
Number of asset objects unloaded after import = 5480
========================================================================
Received Import Request.
  Time since last request: 9.381301 seconds.
  path: Assets/Prefabs/Enemies/Enemy.prefab
  artifactKey: Guid(c6676f2ddea45a74c95364547229e667) Importer(815301076,1909f56bfc062723c751e8b465ee728b)
Start importing Assets/Prefabs/Enemies/Enemy.prefab using Guid(c6676f2ddea45a74c95364547229e667) Importer(815301076,1909f56bfc062723c751e8b465ee728b) [PhysX] Initialized MultithreadedTaskDispatcher with 12 workers.
weaponRotationPointTransform is or null and must contain a value in object Enemy
UnityEngine.StackTraceUtility:ExtractStackTrace ()
UnityEngine.DebugLogHandler:LogFormat (UnityEngine.LogType,UnityEngine.Object,string,object[])
UnityEngine.Logger:Log (UnityEngine.LogType,object)
UnityEngine.Debug:Log (object)
HelperUtilities:ValidateCheckNullValue (UnityEngine.Object,string,UnityEngine.Object) (at Assets/Scripts/Utilities/HelperUtilities.cs:98)
AimWeapon:OnValidate () (at Assets/Scripts/Weapons/AimWeapon.cs:70)

(Filename: Assets/Scripts/Utilities/HelperUtilities.cs Line: 98)

[PhysX] Initialized MultithreadedTaskDispatcher with 12 workers.
 -> (artifact id: '279b6bdb9326ac8d15bde9467e3e4527') in 0.222288 seconds
Number of updated asset objects reloaded before import = 0
Number of asset objects unloaded after import = 5480
========================================================================
Received Import Request.
  Time since last request: 18.703462 seconds.
  path: Assets/Prefabs/Enemies/Enemy.prefab
  artifactKey: Guid(c6676f2ddea45a74c95364547229e667) Importer(815301076,1909f56bfc062723c751e8b465ee728b)
Start importing Assets/Prefabs/Enemies/Enemy.prefab using Guid(c6676f2ddea45a74c95364547229e667) Importer(815301076,1909f56bfc062723c751e8b465ee728b) [PhysX] Initialized MultithreadedTaskDispatcher with 12 workers.
weaponRotationPointTransform is or null and must contain a value in object Enemy
UnityEngine.StackTraceUtility:ExtractStackTrace ()
UnityEngine.DebugLogHandler:LogFormat (UnityEngine.LogType,UnityEngine.Object,string,object[])
UnityEngine.Logger:Log (UnityEngine.LogType,object)
UnityEngine.Debug:Log (object)
HelperUtilities:ValidateCheckNullValue (UnityEngine.Object,string,UnityEngine.Object) (at Assets/Scripts/Utilities/HelperUtilities.cs:98)
AimWeapon:OnValidate () (at Assets/Scripts/Weapons/AimWeapon.cs:70)

(Filename: Assets/Scripts/Utilities/HelperUtilities.cs Line: 98)

[PhysX] Initialized MultithreadedTaskDispatcher with 12 workers.
 -> (artifact id: 'f394828c19e83446a164bc693b5dde44') in 0.224215 seconds
Number of updated asset objects reloaded before import = 0
Number of asset objects unloaded after import = 5480
========================================================================
Received Import Request.
  Time since last request: 4.470149 seconds.
  path: Assets/Prefabs/Enemies/Enemy.prefab
  artifactKey: Guid(c6676f2ddea45a74c95364547229e667) Importer(815301076,1909f56bfc062723c751e8b465ee728b)
Start importing Assets/Prefabs/Enemies/Enemy.prefab using Guid(c6676f2ddea45a74c95364547229e667) Importer(815301076,1909f56bfc062723c751e8b465ee728b) [PhysX] Initialized MultithreadedTaskDispatcher with 12 workers.
weaponRotationPointTransform is or null and must contain a value in object Enemy
UnityEngine.StackTraceUtility:ExtractStackTrace ()
UnityEngine.DebugLogHandler:LogFormat (UnityEngine.LogType,UnityEngine.Object,string,object[])
UnityEngine.Logger:Log (UnityEngine.LogType,object)
UnityEngine.Debug:Log (object)
HelperUtilities:ValidateCheckNullValue (UnityEngine.Object,string,UnityEngine.Object) (at Assets/Scripts/Utilities/HelperUtilities.cs:98)
AimWeapon:OnValidate () (at Assets/Scripts/Weapons/AimWeapon.cs:70)

(Filename: Assets/Scripts/Utilities/HelperUtilities.cs Line: 98)

[PhysX] Initialized MultithreadedTaskDispatcher with 12 workers.
 -> (artifact id: '7b3ca2e03047f053eb58bf9cbbb1f37c') in 0.234503 seconds
Number of updated asset objects reloaded before import = 0
Number of asset objects unloaded after import = 5480
========================================================================
Received Import Request.
  Time since last request: 17.562731 seconds.
  path: Assets/Prefabs/Enemies/Enemy.prefab
  artifactKey: Guid(c6676f2ddea45a74c95364547229e667) Importer(815301076,1909f56bfc062723c751e8b465ee728b)
Start importing Assets/Prefabs/Enemies/Enemy.prefab using Guid(c6676f2ddea45a74c95364547229e667) Importer(815301076,1909f56bfc062723c751e8b465ee728b) [PhysX] Initialized MultithreadedTaskDispatcher with 12 workers.
weaponRotationPointTransform is or null and must contain a value in object Enemy
UnityEngine.StackTraceUtility:ExtractStackTrace ()
UnityEngine.DebugLogHandler:LogFormat (UnityEngine.LogType,UnityEngine.Object,string,object[])
UnityEngine.Logger:Log (UnityEngine.LogType,object)
UnityEngine.Debug:Log (object)
HelperUtilities:ValidateCheckNullValue (UnityEngine.Object,string,UnityEngine.Object) (at Assets/Scripts/Utilities/HelperUtilities.cs:98)
AimWeapon:OnValidate () (at Assets/Scripts/Weapons/AimWeapon.cs:70)

(Filename: Assets/Scripts/Utilities/HelperUtilities.cs Line: 98)

[PhysX] Initialized MultithreadedTaskDispatcher with 12 workers.
 -> (artifact id: '6b7033bb07d9615f52b5cbec1c61634f') in 0.224932 seconds
Number of updated asset objects reloaded before import = 0
Number of asset objects unloaded after import = 5480
========================================================================
Received Import Request.
  Time since last request: 76.516749 seconds.
  path: Assets/Prefabs/Player
  artifactKey: Guid(b986a36ec36ac5a4eb98ecf481ed110f) Importer(815301076,1909f56bfc062723c751e8b465ee728b)
Start importing Assets/Prefabs/Player using Guid(b986a36ec36ac5a4eb98ecf481ed110f) Importer(815301076,1909f56bfc062723c751e8b465ee728b) [PhysX] Initialized MultithreadedTaskDispatcher with 12 workers.
 -> (artifact id: 'b4b157f2eb98f8dffdc11ab4154229cb') in 0.001876 seconds
Number of updated asset objects reloaded before import = 0
Number of asset objects unloaded after import = 0
========================================================================
Received Import Request.
  Time since last request: 4.382031 seconds.
  path: Assets/Prefabs/Enemies/Enemy.prefab
  artifactKey: Guid(c6676f2ddea45a74c95364547229e667) Importer(815301076,1909f56bfc062723c751e8b465ee728b)
Start importing Assets/Prefabs/Enemies/Enemy.prefab using Guid(c6676f2ddea45a74c95364547229e667) Importer(815301076,1909f56bfc062723c751e8b465ee728b) [PhysX] Initialized MultithreadedTaskDispatcher with 12 workers.
weaponRotationPointTransform is or null and must contain a value in object Enemy
UnityEngine.StackTraceUtility:ExtractStackTrace ()
UnityEngine.DebugLogHandler:LogFormat (UnityEngine.LogType,UnityEngine.Object,string,object[])
UnityEngine.Logger:Log (UnityEngine.LogType,object)
UnityEngine.Debug:Log (object)
HelperUtilities:ValidateCheckNullValue (UnityEngine.Object,string,UnityEngine.Object) (at Assets/Scripts/Utilities/HelperUtilities.cs:98)
AimWeapon:OnValidate () (at Assets/Scripts/Weapons/AimWeapon.cs:70)

(Filename: Assets/Scripts/Utilities/HelperUtilities.cs Line: 98)

[PhysX] Initialized MultithreadedTaskDispatcher with 12 workers.
 -> (artifact id: '30fca07f7a0994df075fe5302806ab1b') in 0.230703 seconds
Number of updated asset objects reloaded before import = 0
Number of asset objects unloaded after import = 5480
========================================================================
Received Import Request.
  Time since last request: 277.415921 seconds.
  path: Assets/Prefabs/Enemies/Grimnonk
  artifactKey: Guid(1cb4efb036a55384aa7e56e0059f8ffc) Importer(815301076,1909f56bfc062723c751e8b465ee728b)
Start importing Assets/Prefabs/Enemies/Grimnonk using Guid(1cb4efb036a55384aa7e56e0059f8ffc) Importer(815301076,1909f56bfc062723c751e8b465ee728b) [PhysX] Initialized MultithreadedTaskDispatcher with 12 workers.
 -> (artifact id: '6eb2beff72ff8c4e92981b781cb19e75') in 0.001234 seconds
Number of updated asset objects reloaded before import = 0
Number of asset objects unloaded after import = 0
========================================================================
Received Import Request.
  Time since last request: 9.034441 seconds.
  path: Assets/Prefabs/Enemies/Grimnonk/Brown
  artifactKey: Guid(c24d55f5afc3f284e9db8df740275c9f) Importer(815301076,1909f56bfc062723c751e8b465ee728b)
Start importing Assets/Prefabs/Enemies/Grimnonk/Brown using Guid(c24d55f5afc3f284e9db8df740275c9f) Importer(815301076,1909f56bfc062723c751e8b465ee728b) [PhysX] Initialized MultithreadedTaskDispatcher with 12 workers.
 -> (artifact id: 'b2d776755d1f333a19c01cb22b58a9c0') in 0.000430 seconds
Number of updated asset objects reloaded before import = 0
Number of asset objects unloaded after import = 0
========================================================================
Received Import Request.
  Time since last request: 5.987240 seconds.
  path: Assets/Prefabs/Enemies/Medusa
  artifactKey: Guid(3cb860822b78ccf45afe440bee1ea82c) Importer(815301076,1909f56bfc062723c751e8b465ee728b)
Start importing Assets/Prefabs/Enemies/Medusa using Guid(3cb860822b78ccf45afe440bee1ea82c) Importer(815301076,1909f56bfc062723c751e8b465ee728b) [PhysX] Initialized MultithreadedTaskDispatcher with 12 workers.
 -> (artifact id: '8374f648e667d71dde3b4a401256e566') in 0.000435 seconds
Number of updated asset objects reloaded before import = 0
Number of asset objects unloaded after import = 0
========================================================================
Received Import Request.
  Time since last request: 7.140524 seconds.
  path: Assets/Prefabs/Enemies/Medusa/Blue
  artifactKey: Guid(574300f5b4e4cc24bbc846a33094c52d) Importer(815301076,1909f56bfc062723c751e8b465ee728b)
Start importing Assets/Prefabs/Enemies/Medusa/Blue using Guid(574300f5b4e4cc24bbc846a33094c52d) Importer(815301076,1909f56bfc062723c751e8b465ee728b) [PhysX] Initialized MultithreadedTaskDispatcher with 12 workers.
 -> (artifact id: 'fb83b83764ca16c007fdfa3aea8c1bbb') in 0.000432 seconds
Number of updated asset objects reloaded before import = 0
Number of asset objects unloaded after import = 0
========================================================================
Received Import Request.
  Time since last request: 33.804489 seconds.
  path: Assets/ScriptableObjectAssets
  artifactKey: Guid(e5eb37e2d09f84348808acb92d719e81) Importer(815301076,1909f56bfc062723c751e8b465ee728b)
Start importing Assets/ScriptableObjectAssets using Guid(e5eb37e2d09f84348808acb92d719e81) Importer(815301076,1909f56bfc062723c751e8b465ee728b) [PhysX] Initialized MultithreadedTaskDispatcher with 12 workers.
 -> (artifact id: 'c7bb4d86ae42a9241af9faeaca75f59c') in 0.000452 seconds
Number of updated asset objects reloaded before import = 0
Number of asset objects unloaded after import = 0
========================================================================
Received Import Request.
  Time since last request: 5.590862 seconds.
  path: Assets/ScriptableObjectAssets/Enemies
  artifactKey: Guid(54710e06400dd1d4d8690bb068b5eff8) Importer(815301076,1909f56bfc062723c751e8b465ee728b)
Start importing Assets/ScriptableObjectAssets/Enemies using Guid(54710e06400dd1d4d8690bb068b5eff8) Importer(815301076,1909f56bfc062723c751e8b465ee728b) [PhysX] Initialized MultithreadedTaskDispatcher with 12 workers.
 -> (artifact id: 'e559b985bae6fa47455c6b4fded0a785') in 0.000445 seconds
Number of updated asset objects reloaded before import = 0
Number of asset objects unloaded after import = 0
========================================================================
Received Import Request.
  Time since last request: 15.886227 seconds.
  path: Assets/Prefabs/Enemies/Enemy.prefab
  artifactKey: Guid(c6676f2ddea45a74c95364547229e667) Importer(815301076,1909f56bfc062723c751e8b465ee728b)
Start importing Assets/Prefabs/Enemies/Enemy.prefab using Guid(c6676f2ddea45a74c95364547229e667) Importer(815301076,1909f56bfc062723c751e8b465ee728b) [PhysX] Initialized MultithreadedTaskDispatcher with 12 workers.
weaponRotationPointTransform is or null and must contain a value in object Enemy
UnityEngine.StackTraceUtility:ExtractStackTrace ()
UnityEngine.DebugLogHandler:LogFormat (UnityEngine.LogType,UnityEngine.Object,string,object[])
UnityEngine.Logger:Log (UnityEngine.LogType,object)
UnityEngine.Debug:Log (object)
HelperUtilities:ValidateCheckNullValue (UnityEngine.Object,string,UnityEngine.Object) (at Assets/Scripts/Utilities/HelperUtilities.cs:98)
AimWeapon:OnValidate () (at Assets/Scripts/Weapons/AimWeapon.cs:70)

(Filename: Assets/Scripts/Utilities/HelperUtilities.cs Line: 98)

[PhysX] Initialized MultithreadedTaskDispatcher with 12 workers.
 -> (artifact id: 'd6e65942dd69f755f8e75149ac10f8fe') in 0.263165 seconds
Number of updated asset objects reloaded before import = 0
Number of asset objects unloaded after import = 5498
========================================================================
Received Import Request.
  Time since last request: 26.531781 seconds.
  path: Assets/Prefabs/Enemies/Grimonk_Brown.prefab
  artifactKey: Guid(d0901f2bad2eba94bbdebf090daf3b39) Importer(815301076,1909f56bfc062723c751e8b465ee728b)
Start importing Assets/Prefabs/Enemies/Grimonk_Brown.prefab using Guid(d0901f2bad2eba94bbdebf090daf3b39) Importer(815301076,1909f56bfc062723c751e8b465ee728b) [PhysX] Initialized MultithreadedTaskDispatcher with 12 workers.
weaponRotationPointTransform is or null and must contain a value in object Grimonk_Brown
UnityEngine.StackTraceUtility:ExtractStackTrace ()
UnityEngine.DebugLogHandler:LogFormat (UnityEngine.LogType,UnityEngine.Object,string,object[])
UnityEngine.Logger:Log (UnityEngine.LogType,object)
UnityEngine.Debug:Log (object)
HelperUtilities:ValidateCheckNullValue (UnityEngine.Object,string,UnityEngine.Object) (at Assets/Scripts/Utilities/HelperUtilities.cs:98)
AimWeapon:OnValidate () (at Assets/Scripts/Weapons/AimWeapon.cs:70)

(Filename: Assets/Scripts/Utilities/HelperUtilities.cs Line: 98)

weaponRotationPointTransform is or null and must contain a value in object Enemy
UnityEngine.StackTraceUtility:ExtractStackTrace ()
UnityEngine.DebugLogHandler:LogFormat (UnityEngine.LogType,UnityEngine.Object,string,object[])
UnityEngine.Logger:Log (UnityEngine.LogType,object)
UnityEngine.Debug:Log (object)
HelperUtilities:ValidateCheckNullValue (UnityEngine.Object,string,UnityEngine.Object) (at Assets/Scripts/Utilities/HelperUtilities.cs:98)
AimWeapon:OnValidate () (at Assets/Scripts/Weapons/AimWeapon.cs:70)
UnityEditor.SerializedObject:.ctor (UnityEngine.Object[],UnityEngine.Object)
UnityEditor.Editor:CreateSerializedObject ()
UnityEditor.Editor:GetSerializedObjectInternal ()
UnityEditor.Editor:get_serializedObject ()
UnityEditor.GameObjectInspector:OnEnable ()
UnityEditor.Editor:CreateEditorWithContext (UnityEngine.Object[],UnityEngine.Object,System.Type)
UnityEditor.Editor:CreateEditor (UnityEngine.Object,System.Type)
UnityEditor.Editor:CreateEditor (UnityEngine.Object)
UnityEditor.AssetPreviewUpdater:CreatePreview (UnityEngine.Object,UnityEngine.Object[],string,int,int)
UnityEditor.AssetPreviewUpdater:CreatePreviewForAsset (UnityEngine.Object,UnityEngine.Object[],string)

(Filename: Assets/Scripts/Utilities/HelperUtilities.cs Line: 98)

[PhysX] Initialized MultithreadedTaskDispatcher with 12 workers.
 -> (artifact id: '91de718e0c91625bb1235646f975a56b') in 0.250607 seconds
Number of updated asset objects reloaded before import = 0
Number of asset objects unloaded after import = 5532
========================================================================
Received Import Request.
  Time since last request: 16.753320 seconds.
  path: Assets/CourseAssets/Textures/Sprites/Bosses/SkullFace/SkullFaceMoveUp.png
  artifactKey: Guid(c75ae56b863d4804f8f550d4189a1959) Importer(815301076,1909f56bfc062723c751e8b465ee728b)
Start importing Assets/CourseAssets/Textures/Sprites/Bosses/SkullFace/SkullFaceMoveUp.png using Guid(c75ae56b863d4804f8f550d4189a1959) Importer(815301076,1909f56bfc062723c751e8b465ee728b) [PhysX] Initialized MultithreadedTaskDispatcher with 12 workers.
[PhysX] Initialized MultithreadedTaskDispatcher with 12 workers.
 -> (artifact id: '97f949171c795fb20ce54035ea6749ec') in 0.332208 seconds
Number of updated asset objects reloaded before import = 0
Number of asset objects unloaded after import = 5464
========================================================================
Received Import Request.
  Time since last request: 2.060079 seconds.
  path: Assets/0x72_16x16DungeonTileset.v5/items/wall_missing_brick_2.png
  artifactKey: Guid(4986c2aae8a2eea4ebb93477c24b860d) Importer(815301076,1909f56bfc062723c751e8b465ee728b)
Start importing Assets/0x72_16x16DungeonTileset.v5/items/wall_missing_brick_2.png using Guid(4986c2aae8a2eea4ebb93477c24b860d) Importer(815301076,1909f56bfc062723c751e8b465ee728b) [PhysX] Initialized MultithreadedTaskDispatcher with 12 workers.
[PhysX] Initialized MultithreadedTaskDispatcher with 12 workers.
 -> (artifact id: '3ab5366c1515a428a16f921cf93b25a1') in 0.010158 seconds
Number of updated asset objects reloaded before import = 0
Number of asset objects unloaded after import = 3
========================================================================
Received Import Request.
  Time since last request: 0.000016 seconds.
  path: Assets/0x72_DungeonTilesetII_v1.7/frames/wall_outer_top_right.png
  artifactKey: Guid(8a67dff0feee8584aa65c2f5e286b2c7) Importer(815301076,1909f56bfc062723c751e8b465ee728b)
Start importing Assets/0x72_DungeonTilesetII_v1.7/frames/wall_outer_top_right.png using Guid(8a67dff0feee8584aa65c2f5e286b2c7) Importer(815301076,1909f56bfc062723c751e8b465ee728b) [PhysX] Initialized MultithreadedTaskDispatcher with 12 workers.
[PhysX] Initialized MultithreadedTaskDispatcher with 12 workers.
 -> (artifact id: '64f2b6534c1cc0f306ac2b3da7f2dd8a') in 0.012210 seconds
Number of updated asset objects reloaded before import = 0
Number of asset objects unloaded after import = 3
========================================================================
Received Import Request.
  Time since last request: 0.000026 seconds.
  path: Assets/0x72_DungeonTilesetII_v1.7/frames/wall_right.png
  artifactKey: Guid(0312e64b417772343bb1dcff57d391f1) Importer(815301076,1909f56bfc062723c751e8b465ee728b)
Start importing Assets/0x72_DungeonTilesetII_v1.7/frames/wall_right.png using Guid(0312e64b417772343bb1dcff57d391f1) Importer(815301076,1909f56bfc062723c751e8b465ee728b) [PhysX] Initialized MultithreadedTaskDispatcher with 12 workers.
[PhysX] Initialized MultithreadedTaskDispatcher with 12 workers.
 -> (artifact id: 'a2f486aa4b9ef6fa0f9ec80ae62d2ecd') in 0.010440 seconds
Number of updated asset objects reloaded before import = 0
Number of asset objects unloaded after import = 3
========================================================================
Received Import Request.
  Time since last request: 0.000017 seconds.
  path: Assets/0x72_16x16DungeonTileset.v5/items/weapon_dagger_long.png
  artifactKey: Guid(f1c2e9d9fbc9df549b1017c97ee65009) Importer(815301076,1909f56bfc062723c751e8b465ee728b)
Start importing Assets/0x72_16x16DungeonTileset.v5/items/weapon_dagger_long.png using Guid(f1c2e9d9fbc9df549b1017c97ee65009) Importer(815301076,1909f56bfc062723c751e8b465ee728b) [PhysX] Initialized MultithreadedTaskDispatcher with 12 workers.
[PhysX] Initialized MultithreadedTaskDispatcher with 12 workers.
 -> (artifact id: 'f7edecddabb8182d8a9d9f3fbf604234') in 0.010226 seconds
Number of updated asset objects reloaded before import = 0
Number of asset objects unloaded after import = 3
========================================================================
Received Import Request.
  Time since last request: 0.000015 seconds.
  path: Assets/0x72_16x16DungeonTileset.v5/items/weapon_dagger_golden.png
  artifactKey: Guid(53cffe156c4e153469c0360d10a16e17) Importer(815301076,1909f56bfc062723c751e8b465ee728b)
Start importing Assets/0x72_16x16DungeonTileset.v5/items/weapon_dagger_golden.png using Guid(53cffe156c4e153469c0360d10a16e17) Importer(815301076,1909f56bfc062723c751e8b465ee728b) [PhysX] Initialized MultithreadedTaskDispatcher with 12 workers.
[PhysX] Initialized MultithreadedTaskDispatcher with 12 workers.
 -> (artifact id: 'bb3e2e1c8f90a4e92bd129254ec1ed48') in 0.009367 seconds
Number of updated asset objects reloaded before import = 0
Number of asset objects unloaded after import = 3
========================================================================
Received Import Request.
  Time since last request: 0.000016 seconds.
  path: Assets/0x72_DungeonTilesetII_v1.7/frames/weapon_knight_sword.png
  artifactKey: Guid(a2df92dd200d4894b8953bd7845533fc) Importer(815301076,1909f56bfc062723c751e8b465ee728b)
Start importing Assets/0x72_DungeonTilesetII_v1.7/frames/weapon_knight_sword.png using Guid(a2df92dd200d4894b8953bd7845533fc) Importer(815301076,1909f56bfc062723c751e8b465ee728b) [PhysX] Initialized MultithreadedTaskDispatcher with 12 workers.
[PhysX] Initialized MultithreadedTaskDispatcher with 12 workers.
 -> (artifact id: 'd731d091d720d39e783deac23fc9a9d0') in 0.010667 seconds
Number of updated asset objects reloaded before import = 0
Number of asset objects unloaded after import = 3
========================================================================
Received Import Request.
  Time since last request: 0.000016 seconds.
  path: Assets/0x72_16x16DungeonTileset.v5/items/weapon_dagger_small.png
  artifactKey: Guid(30c863fcd991b234f9b122ac8a03de8c) Importer(815301076,1909f56bfc062723c751e8b465ee728b)
Start importing Assets/0x72_16x16DungeonTileset.v5/items/weapon_dagger_small.png using Guid(30c863fcd991b234f9b122ac8a03de8c) Importer(815301076,1909f56bfc062723c751e8b465ee728b) [PhysX] Initialized MultithreadedTaskDispatcher with 12 workers.
[PhysX] Initialized MultithreadedTaskDispatcher with 12 workers.
 -> (artifact id: '4fd9194438eb893da6577fdbca98445b') in 0.009543 seconds
Number of updated asset objects reloaded before import = 0
Number of asset objects unloaded after import = 3
========================================================================
Received Import Request.
  Time since last request: 0.000016 seconds.
  path: Assets/0x72_DungeonTilesetII_v1.7/frames/wogol_idle_anim_f0.png
  artifactKey: Guid(52f83a474ffc591408b8ea9f16a59e20) Importer(815301076,1909f56bfc062723c751e8b465ee728b)
Start importing Assets/0x72_DungeonTilesetII_v1.7/frames/wogol_idle_anim_f0.png using Guid(52f83a474ffc591408b8ea9f16a59e20) Importer(815301076,1909f56bfc062723c751e8b465ee728b) [PhysX] Initialized MultithreadedTaskDispatcher with 12 workers.
[PhysX] Initialized MultithreadedTaskDispatcher with 12 workers.
 -> (artifact id: '5e6e9ff79bff20dd17d9e7e124050508') in 0.009678 seconds
Number of updated asset objects reloaded before import = 0
Number of asset objects unloaded after import = 3
========================================================================
Received Import Request.
  Time since last request: 0.000017 seconds.
  path: Assets/0x72_DungeonTilesetII_v1.7/frames/wogol_idle_anim_f1.png
  artifactKey: Guid(5348367f7246adb4489f0bd038d8f7d6) Importer(815301076,1909f56bfc062723c751e8b465ee728b)
Start importing Assets/0x72_DungeonTilesetII_v1.7/frames/wogol_idle_anim_f1.png using Guid(5348367f7246adb4489f0bd038d8f7d6) Importer(815301076,1909f56bfc062723c751e8b465ee728b) [PhysX] Initialized MultithreadedTaskDispatcher with 12 workers.
[PhysX] Initialized MultithreadedTaskDispatcher with 12 workers.
 -> (artifact id: '5e91bf42fc1fd216d49eff9fc8c8a2ba') in 0.009740 seconds
Number of updated asset objects reloaded before import = 0
Number of asset objects unloaded after import = 3
========================================================================
Received Import Request.
  Time since last request: 0.000015 seconds.
  path: Assets/CourseAssets/Textures/Sprites/Environment/MoveableItem/WoodenTable/WoodenTableHorizontalFlipRight.png
  artifactKey: Guid(cc99ca679738bc44bbfe5987fe96c997) Importer(815301076,1909f56bfc062723c751e8b465ee728b)
Start importing Assets/CourseAssets/Textures/Sprites/Environment/MoveableItem/WoodenTable/WoodenTableHorizontalFlipRight.png using Guid(cc99ca679738bc44bbfe5987fe96c997) Importer(815301076,1909f56bfc062723c751e8b465ee728b) [PhysX] Initialized MultithreadedTaskDispatcher with 12 workers.
[PhysX] Initialized MultithreadedTaskDispatcher with 12 workers.
 -> (artifact id: '6604785eca3ac723ff206e6f3b228684') in 0.252318 seconds
Number of updated asset objects reloaded before import = 0
Number of asset objects unloaded after import = 5464
========================================================================
Received Import Request.
  Time since last request: 0.000035 seconds.
  path: Assets/0x72_DungeonTilesetII_v1.7/frames/wall_top_right.png
  artifactKey: Guid(91eec56ee20cf6445812e5f98375bb30) Importer(815301076,1909f56bfc062723c751e8b465ee728b)
Start importing Assets/0x72_DungeonTilesetII_v1.7/frames/wall_top_right.png using Guid(91eec56ee20cf6445812e5f98375bb30) Importer(815301076,1909f56bfc062723c751e8b465ee728b) [PhysX] Initialized MultithreadedTaskDispatcher with 12 workers.
[PhysX] Initialized MultithreadedTaskDispatcher with 12 workers.
 -> (artifact id: '5dae1d72cf17b616da341d1effddf2e3') in 0.013412 seconds
Number of updated asset objects reloaded before import = 0
Number of asset objects unloaded after import = 3
========================================================================
Received Import Request.
  Time since last request: 0.000024 seconds.
  path: Assets/0x72_DungeonTilesetII_v1.7/frames/wogol_run_anim_f0.png
  artifactKey: Guid(870c6a6275074244a880eb64f009e9a3) Importer(815301076,1909f56bfc062723c751e8b465ee728b)
Start importing Assets/0x72_DungeonTilesetII_v1.7/frames/wogol_run_anim_f0.png using Guid(870c6a6275074244a880eb64f009e9a3) Importer(815301076,1909f56bfc062723c751e8b465ee728b) [PhysX] Initialized MultithreadedTaskDispatcher with 12 workers.
[PhysX] Initialized MultithreadedTaskDispatcher with 12 workers.
 -> (artifact id: 'ff3bbea79ac436043dce8a3beb594628') in 0.012694 seconds
Number of updated asset objects reloaded before import = 0
Number of asset objects unloaded after import = 3
========================================================================
Received Import Request.
  Time since last request: 0.000016 seconds.
  path: Assets/0x72_16x16DungeonTileset.v5/items/weapon_sword_big.png
  artifactKey: Guid(5c3e19b94453bf04fa530dfca6374330) Importer(815301076,1909f56bfc062723c751e8b465ee728b)
Start importing Assets/0x72_16x16DungeonTileset.v5/items/weapon_sword_big.png using Guid(5c3e19b94453bf04fa530dfca6374330) Importer(815301076,1909f56bfc062723c751e8b465ee728b) [PhysX] Initialized MultithreadedTaskDispatcher with 12 workers.
[PhysX] Initialized MultithreadedTaskDispatcher with 12 workers.
 -> (artifact id: '7f1cd693a6937dc7992da7b6ed49fbeb') in 0.011967 seconds
Number of updated asset objects reloaded before import = 0
Number of asset objects unloaded after import = 3
========================================================================
Received Import Request.
  Time since last request: 0.000016 seconds.
  path: Assets/0x72_16x16DungeonTileset.v5/items/weapon_sledgehammer.png
  artifactKey: Guid(22acd6834a8e8244fa6af55d5978a4c1) Importer(815301076,1909f56bfc062723c751e8b465ee728b)
Start importing Assets/0x72_16x16DungeonTileset.v5/items/weapon_sledgehammer.png using Guid(22acd6834a8e8244fa6af55d5978a4c1) Importer(815301076,1909f56bfc062723c751e8b465ee728b) [PhysX] Initialized MultithreadedTaskDispatcher with 12 workers.
[PhysX] Initialized MultithreadedTaskDispatcher with 12 workers.
 -> (artifact id: 'b70918493a4e01c05185e6cbb3858102') in 0.012932 seconds
Number of updated asset objects reloaded before import = 0
Number of asset objects unloaded after import = 3
========================================================================
Received Import Request.
  Time since last request: 0.000017 seconds.
  path: Assets/0x72_16x16DungeonTileset.v5/items/wall_top_right.png
  artifactKey: Guid(5e5889578a52b324fa6858d4e41188b4) Importer(815301076,1909f56bfc062723c751e8b465ee728b)
Start importing Assets/0x72_16x16DungeonTileset.v5/items/wall_top_right.png using Guid(5e5889578a52b324fa6858d4e41188b4) Importer(815301076,1909f56bfc062723c751e8b465ee728b) [PhysX] Initialized MultithreadedTaskDispatcher with 12 workers.
[PhysX] Initialized MultithreadedTaskDispatcher with 12 workers.
 -> (artifact id: '8ae40cc9adae6b6c8f7dc40bf2fd986e') in 0.012782 seconds
Number of updated asset objects reloaded before import = 0
Number of asset objects unloaded after import = 3
========================================================================
Received Import Request.
  Time since last request: 0.000018 seconds.
  path: Assets/0x72_DungeonTilesetII_v1.7/frames/weapon_red_magic_staff.png
  artifactKey: Guid(974f24f697826d24c969e7bf7c8d4c3f) Importer(815301076,1909f56bfc062723c751e8b465ee728b)
Start importing Assets/0x72_DungeonTilesetII_v1.7/frames/weapon_red_magic_staff.png using Guid(974f24f697826d24c969e7bf7c8d4c3f) Importer(815301076,1909f56bfc062723c751e8b465ee728b) [PhysX] Initialized MultithreadedTaskDispatcher with 12 workers.
[PhysX] Initialized MultithreadedTaskDispatcher with 12 workers.
 -> (artifact id: 'b32b64a463061ad985899392908a3f39') in 0.013077 seconds
Number of updated asset objects reloaded before import = 0
Number of asset objects unloaded after import = 3
========================================================================
Received Import Request.
  Time since last request: 0.000017 seconds.
  path: Assets/CourseAssets/Textures/Sprites/Enemies/Grimonk/GrimonkIdleUpRight.png
  artifactKey: Guid(b52da9bffd6d04548a93d24d8a601bcd) Importer(815301076,1909f56bfc062723c751e8b465ee728b)
Start importing Assets/CourseAssets/Textures/Sprites/Enemies/Grimonk/GrimonkIdleUpRight.png using Guid(b52da9bffd6d04548a93d24d8a601bcd) Importer(815301076,1909f56bfc062723c751e8b465ee728b) [PhysX] Initialized MultithreadedTaskDispatcher with 12 workers.
[PhysX] Initialized MultithreadedTaskDispatcher with 12 workers.
 -> (artifact id: '0a0746e193e58677916106d621489e38') in 0.239877 seconds
Number of updated asset objects reloaded before import = 0
Number of asset objects unloaded after import = 5464
========================================================================
Received Import Request.
  Time since last request: 0.000021 seconds.
  path: Assets/CourseAssets/Textures/Sprites/Enemies/Grimonk/GrimonkMoveUp.png
  artifactKey: Guid(87319657061bf6b48a2690fe9cc2971d) Importer(815301076,1909f56bfc062723c751e8b465ee728b)
Start importing Assets/CourseAssets/Textures/Sprites/Enemies/Grimonk/GrimonkMoveUp.png using Guid(87319657061bf6b48a2690fe9cc2971d) Importer(815301076,1909f56bfc062723c751e8b465ee728b) [PhysX] Initialized MultithreadedTaskDispatcher with 12 workers.
[PhysX] Initialized MultithreadedTaskDispatcher with 12 workers.
 -> (artifact id: '5246b022d962997d5dc4232af53f9acf') in 0.236243 seconds
Number of updated asset objects reloaded before import = 0
Number of asset objects unloaded after import = 5464
========================================================================
Received Import Request.
  Time since last request: 0.004876 seconds.
  path: Assets/CourseAssets/Textures/Sprites/Enemies/Grimonk/GrimonkIdleUp.png
  artifactKey: Guid(928763c21ec8dc94893b24e1cc67b04c) Importer(815301076,1909f56bfc062723c751e8b465ee728b)
Start importing Assets/CourseAssets/Textures/Sprites/Enemies/Grimonk/GrimonkIdleUp.png using Guid(928763c21ec8dc94893b24e1cc67b04c) Importer(815301076,1909f56bfc062723c751e8b465ee728b) [PhysX] Initialized MultithreadedTaskDispatcher with 12 workers.
[PhysX] Initialized MultithreadedTaskDispatcher with 12 workers.
 -> (artifact id: '272a4d2854329732e78679957bb23977') in 0.239560 seconds
Number of updated asset objects reloaded before import = 0
Number of asset objects unloaded after import = 5464
========================================================================
Received Import Request.
  Time since last request: 0.000024 seconds.
  path: Assets/CourseAssets/Textures/Sprites/Enemies/Grimonk/GrimonkIdleRight.png
  artifactKey: Guid(ae0de910a9bf9b449a2a0d172be07c4e) Importer(815301076,1909f56bfc062723c751e8b465ee728b)
Start importing Assets/CourseAssets/Textures/Sprites/Enemies/Grimonk/GrimonkIdleRight.png using Guid(ae0de910a9bf9b449a2a0d172be07c4e) Importer(815301076,1909f56bfc062723c751e8b465ee728b) [PhysX] Initialized MultithreadedTaskDispatcher with 12 workers.
[PhysX] Initialized MultithreadedTaskDispatcher with 12 workers.
 -> (artifact id: '9449319402ec7b69b6a12fbe73a6eada') in 0.250073 seconds
Number of updated asset objects reloaded before import = 0
Number of asset objects unloaded after import = 5464
========================================================================
Received Import Request.
  Time since last request: 0.000037 seconds.
  path: Assets/0x72_DungeonTilesetII_v1.7/frames/weapon_throwing_axe.png
  artifactKey: Guid(fbe3725dc4bff76449d9808bc200654d) Importer(815301076,1909f56bfc062723c751e8b465ee728b)
Start importing Assets/0x72_DungeonTilesetII_v1.7/frames/weapon_throwing_axe.png using Guid(fbe3725dc4bff76449d9808bc200654d) Importer(815301076,1909f56bfc062723c751e8b465ee728b) [PhysX] Initialized MultithreadedTaskDispatcher with 12 workers.
[PhysX] Initialized MultithreadedTaskDispatcher with 12 workers.
 -> (artifact id: '8005591f788f78a665b7ad69a877e4a0') in 0.016023 seconds
Number of updated asset objects reloaded before import = 0
Number of asset objects unloaded after import = 3
========================================================================
Received Import Request.
  Time since last request: 0.000018 seconds.
  path: Assets/0x72_16x16DungeonTileset.v5/items/Wall_outline_right.png
  artifactKey: Guid(57609bd070515b747b73f5257258f23b) Importer(815301076,1909f56bfc062723c751e8b465ee728b)
Start importing Assets/0x72_16x16DungeonTileset.v5/items/Wall_outline_right.png using Guid(57609bd070515b747b73f5257258f23b) Importer(815301076,1909f56bfc062723c751e8b465ee728b) [PhysX] Initialized MultithreadedTaskDispatcher with 12 workers.
[PhysX] Initialized MultithreadedTaskDispatcher with 12 workers.
 -> (artifact id: '0e6a3084b7e88c6f1821f842f06f38e2') in 0.012832 seconds
Number of updated asset objects reloaded before import = 0
Number of asset objects unloaded after import = 3
========================================================================
Received Import Request.
  Time since last request: 0.000017 seconds.
  path: Assets/0x72_16x16DungeonTileset.v5/items/weapon_dagger_silver.png
  artifactKey: Guid(22838b682cbdc924bb4c9eb60cb595cc) Importer(815301076,1909f56bfc062723c751e8b465ee728b)
Start importing Assets/0x72_16x16DungeonTileset.v5/items/weapon_dagger_silver.png using Guid(22838b682cbdc924bb4c9eb60cb595cc) Importer(815301076,1909f56bfc062723c751e8b465ee728b) [PhysX] Initialized MultithreadedTaskDispatcher with 12 workers.
[PhysX] Initialized MultithreadedTaskDispatcher with 12 workers.
 -> (artifact id: 'ae5fc2a3024c046596665033d023be96') in 0.013245 seconds
Number of updated asset objects reloaded before import = 0
Number of asset objects unloaded after import = 3
========================================================================
Received Import Request.
  Time since last request: 0.000017 seconds.
  path: Assets/0x72_DungeonTilesetII_v1.7/frames/weapon_green_magic_staff.png
  artifactKey: Guid(1001b4a4a66b07341b7f23a262ac2349) Importer(815301076,1909f56bfc062723c751e8b465ee728b)
Start importing Assets/0x72_DungeonTilesetII_v1.7/frames/weapon_green_magic_staff.png using Guid(1001b4a4a66b07341b7f23a262ac2349) Importer(815301076,1909f56bfc062723c751e8b465ee728b) [PhysX] Initialized MultithreadedTaskDispatcher with 12 workers.
[PhysX] Initialized MultithreadedTaskDispatcher with 12 workers.
 -> (artifact id: 'e4c58e1534fca0eae778cf8aa63abd57') in 0.013471 seconds
Number of updated asset objects reloaded before import = 0
Number of asset objects unloaded after import = 3
========================================================================
Received Import Request.
  Time since last request: 114.552824 seconds.
  path: Assets/0x72_DungeonTilesetII_v1.7/frames/chort_idle_anim_f0.png
  artifactKey: Guid(a9368fd4a3ddb3c4392267abcea736c4) Importer(815301076,1909f56bfc062723c751e8b465ee728b)
Start importing Assets/0x72_DungeonTilesetII_v1.7/frames/chort_idle_anim_f0.png using Guid(a9368fd4a3ddb3c4392267abcea736c4) Importer(815301076,1909f56bfc062723c751e8b465ee728b) [PhysX] Initialized MultithreadedTaskDispatcher with 12 workers.
[PhysX] Initialized MultithreadedTaskDispatcher with 12 workers.
 -> (artifact id: '889f6a2bd5145bc9728aa7b15fa4362f') in 0.009276 seconds
Number of updated asset objects reloaded before import = 0
Number of asset objects unloaded after import = 3
========================================================================
Received Import Request.
  Time since last request: 0.005562 seconds.
  path: Assets/0x72_DungeonTilesetII_v1.7/frames/chort_run_anim_f0.png
  artifactKey: Guid(8c6f8ba9c6745c14b8800f76d87db2e2) Importer(815301076,1909f56bfc062723c751e8b465ee728b)
Start importing Assets/0x72_DungeonTilesetII_v1.7/frames/chort_run_anim_f0.png using Guid(8c6f8ba9c6745c14b8800f76d87db2e2) Importer(815301076,1909f56bfc062723c751e8b465ee728b) [PhysX] Initialized MultithreadedTaskDispatcher with 12 workers.
[PhysX] Initialized MultithreadedTaskDispatcher with 12 workers.
 -> (artifact id: 'c6eb9dd97619601a53e0b87946372b3f') in 0.009509 seconds
Number of updated asset objects reloaded before import = 0
Number of asset objects unloaded after import = 3
========================================================================
Received Import Request.
  Time since last request: 0.000014 seconds.
  path: Assets/0x72_DungeonTilesetII_v1.7/frames/chort_run_anim_f3.png
  artifactKey: Guid(feda770593429d446ae990bcb3fb3a79) Importer(815301076,1909f56bfc062723c751e8b465ee728b)
Start importing Assets/0x72_DungeonTilesetII_v1.7/frames/chort_run_anim_f3.png using Guid(feda770593429d446ae990bcb3fb3a79) Importer(815301076,1909f56bfc062723c751e8b465ee728b) [PhysX] Initialized MultithreadedTaskDispatcher with 12 workers.
[PhysX] Initialized MultithreadedTaskDispatcher with 12 workers.
 -> (artifact id: '7e19bad6bab1cc6933e171ea7d21f026') in 0.012351 seconds
Number of updated asset objects reloaded before import = 0
Number of asset objects unloaded after import = 3
========================================================================
Received Import Request.
  Time since last request: 0.000019 seconds.
  path: Assets/CourseAssets/Textures/Tilemap/Dungeon1/Dungeon High Walls.png
  artifactKey: Guid(6d9e316cfc4b4464c9a94a0ca6a0c6f4) Importer(815301076,1909f56bfc062723c751e8b465ee728b)
Start importing Assets/CourseAssets/Textures/Tilemap/Dungeon1/Dungeon High Walls.png using Guid(6d9e316cfc4b4464c9a94a0ca6a0c6f4) Importer(815301076,1909f56bfc062723c751e8b465ee728b) [PhysX] Initialized MultithreadedTaskDispatcher with 12 workers.
[PhysX] Initialized MultithreadedTaskDispatcher with 12 workers.
 -> (artifact id: '0905fb03507b7bdd13890c2b12e726c8') in 0.491880 seconds
Number of updated asset objects reloaded before import = 0
Number of asset objects unloaded after import = 5464
========================================================================
Received Import Request.
  Time since last request: 6.115546 seconds.
  path: Assets/CourseAssets/Textures/Tilemap/Floor/bog_green1.png
  artifactKey: Guid(7bcbbd83d88c44343bc6cb79d75f0833) Importer(815301076,1909f56bfc062723c751e8b465ee728b)
Start importing Assets/CourseAssets/Textures/Tilemap/Floor/bog_green1.png using Guid(7bcbbd83d88c44343bc6cb79d75f0833) Importer(815301076,1909f56bfc062723c751e8b465ee728b) [PhysX] Initialized MultithreadedTaskDispatcher with 12 workers.
[PhysX] Initialized MultithreadedTaskDispatcher with 12 workers.
 -> (artifact id: 'f66510fd282b022fe882e0e4685b3e03') in 0.377669 seconds
Number of updated asset objects reloaded before import = 0
Number of asset objects unloaded after import = 5464
========================================================================
Received Import Request.
  Time since last request: 0.000026 seconds.
  path: Assets/CourseAssets/Textures/Tilemap/Floor/bog_green3.png
  artifactKey: Guid(88ac3daa401540e4493ee1fb9c34b512) Importer(815301076,1909f56bfc062723c751e8b465ee728b)
Start importing Assets/CourseAssets/Textures/Tilemap/Floor/bog_green3.png using Guid(88ac3daa401540e4493ee1fb9c34b512) Importer(815301076,1909f56bfc062723c751e8b465ee728b) [PhysX] Initialized MultithreadedTaskDispatcher with 12 workers.
[PhysX] Initialized MultithreadedTaskDispatcher with 12 workers.
 -> (artifact id: 'f4b2e2f6a1c730e5287cd7905daaa10d') in 0.223480 seconds
Number of updated asset objects reloaded before import = 0
Number of asset objects unloaded after import = 5464
========================================================================
Received Import Request.
  Time since last request: 21.298936 seconds.
  path: Assets/CourseAssets/Textures/Tilemap/Floor/sigil_algiz_right.png
  artifactKey: Guid(ea47a3c6ef00227499fa78cb6279e856) Importer(815301076,1909f56bfc062723c751e8b465ee728b)
Start importing Assets/CourseAssets/Textures/Tilemap/Floor/sigil_algiz_right.png using Guid(ea47a3c6ef00227499fa78cb6279e856) Importer(815301076,1909f56bfc062723c751e8b465ee728b) [PhysX] Initialized MultithreadedTaskDispatcher with 12 workers.
[PhysX] Initialized MultithreadedTaskDispatcher with 12 workers.
 -> (artifact id: '5fa97cab29783c4a4f680d8364179bd0') in 0.325394 seconds
Number of updated asset objects reloaded before import = 0
Number of asset objects unloaded after import = 5464
========================================================================
Received Import Request.
  Time since last request: 0.000030 seconds.
  path: Assets/CourseAssets/Textures/Tilemap/Floor/sigil_straight_E_W.png
  artifactKey: Guid(1fd2303ba1c7f984a9deb1074c89f366) Importer(815301076,1909f56bfc062723c751e8b465ee728b)
Start importing Assets/CourseAssets/Textures/Tilemap/Floor/sigil_straight_E_W.png using Guid(1fd2303ba1c7f984a9deb1074c89f366) Importer(815301076,1909f56bfc062723c751e8b465ee728b) [PhysX] Initialized MultithreadedTaskDispatcher with 12 workers.
[PhysX] Initialized MultithreadedTaskDispatcher with 12 workers.
 -> (artifact id: '1545992888e6cb3feadc779b88b0859a') in 0.244940 seconds
Number of updated asset objects reloaded before import = 0
Number of asset objects unloaded after import = 5464
========================================================================
Received Import Request.
  Time since last request: 0.000028 seconds.
  path: Assets/CourseAssets/Textures/Tilemap/Floor/sigil_cross.png
  artifactKey: Guid(c5b82fa5b0668e345b0d034509f17d46) Importer(815301076,1909f56bfc062723c751e8b465ee728b)
Start importing Assets/CourseAssets/Textures/Tilemap/Floor/sigil_cross.png using Guid(c5b82fa5b0668e345b0d034509f17d46) Importer(815301076,1909f56bfc062723c751e8b465ee728b) [PhysX] Initialized MultithreadedTaskDispatcher with 12 workers.
[PhysX] Initialized MultithreadedTaskDispatcher with 12 workers.
 -> (artifact id: 'd72c0211f9397088bba469a755dcda09') in 0.256408 seconds
Number of updated asset objects reloaded before import = 0
Number of asset objects unloaded after import = 5464
========================================================================
Received Import Request.
  Time since last request: 0.000030 seconds.
  path: Assets/CourseAssets/Textures/Tilemap/Floor/sigil_straight_E_W_NE_NW.png
  artifactKey: Guid(71c5870c940960b4382cd2440f281de5) Importer(815301076,1909f56bfc062723c751e8b465ee728b)
Start importing Assets/CourseAssets/Textures/Tilemap/Floor/sigil_straight_E_W_NE_NW.png using Guid(71c5870c940960b4382cd2440f281de5) Importer(815301076,1909f56bfc062723c751e8b465ee728b) [PhysX] Initialized MultithreadedTaskDispatcher with 12 workers.
[PhysX] Initialized MultithreadedTaskDispatcher with 12 workers.
 -> (artifact id: '96f9bda8c66986228e6171ed769059e4') in 0.243808 seconds
Number of updated asset objects reloaded before import = 0
Number of asset objects unloaded after import = 5464
========================================================================
Received Import Request.
  Time since last request: 0.000033 seconds.
  path: Assets/CourseAssets/Textures/Tilemap/Floor/sigil_sharp_W_SW.png
  artifactKey: Guid(19b3a35755675064995564346deafde0) Importer(815301076,1909f56bfc062723c751e8b465ee728b)
Start importing Assets/CourseAssets/Textures/Tilemap/Floor/sigil_sharp_W_SW.png using Guid(19b3a35755675064995564346deafde0) Importer(815301076,1909f56bfc062723c751e8b465ee728b) [PhysX] Initialized MultithreadedTaskDispatcher with 12 workers.
[PhysX] Initialized MultithreadedTaskDispatcher with 12 workers.
 -> (artifact id: '1ae5fb64360196c8c3812b3594236fd2') in 0.242457 seconds
Number of updated asset objects reloaded before import = 0
Number of asset objects unloaded after import = 5464
Editor requested this worker to shutdown with reason: Scaling down because of idle timeout
TcpMessagingSession - receive error: operation aborted. errorcode: 995, details: The I/O operation has been aborted because of either a thread exit or an application request.
AssetImportWorker is now disconnected from the server
Process exiting
Exiting without the bug reporter. Application will terminate with return code 0