Using pre-set license
Built from '2022.3/staging' branch; Version is '2022.3.50f1 (c3db7f8bf9b1) revision 12835711'; Using compiler version '192829333'; Build Type 'Release'
OS: 'Windows 10  (10.0.19044) 64bit IoTEnterpriseS' Language: 'en' Physical Memory: 31965 MB
BatchMode: 1, IsHumanControllingUs: 0, StartBugReporterOnCrash: 0, Is64bit: 1, IsPro: 1

COMMAND LINE ARGUMENTS:
C:\Program Files\Unity\Hub\Editor\2022.3.50f1\Editor\Unity.exe
-adb2
-batchMode
-noUpm
-name
AssetImportWorker10
-projectPath
C:/Users/sefa/Documents/GitHub/blmproje/Proje
-logFile
Logs/AssetImportWorker10.log
-srvPort
60991
Successfully changed project path to: C:/Users/sefa/Documents/GitHub/blmproje/Proje
C:/Users/sefa/Documents/GitHub/blmproje/Proje
[UnityMemory] Configuration Parameters - Can be set up in boot.config
    "memorysetup-bucket-allocator-granularity=16"
    "memorysetup-bucket-allocator-bucket-count=8"
    "memorysetup-bucket-allocator-block-size=33554432"
    "memorysetup-bucket-allocator-block-count=8"
    "memorysetup-main-allocator-block-size=16777216"
    "memorysetup-thread-allocator-block-size=16777216"
    "memorysetup-gfx-main-allocator-block-size=16777216"
    "memorysetup-gfx-thread-allocator-block-size=16777216"
    "memorysetup-cache-allocator-block-size=4194304"
    "memorysetup-typetree-allocator-block-size=2097152"
    "memorysetup-profiler-bucket-allocator-granularity=16"
    "memorysetup-profiler-bucket-allocator-bucket-count=8"
    "memorysetup-profiler-bucket-allocator-block-size=33554432"
    "memorysetup-profiler-bucket-allocator-block-count=8"
    "memorysetup-profiler-allocator-block-size=16777216"
    "memorysetup-profiler-editor-allocator-block-size=1048576"
    "memorysetup-temp-allocator-size-main=16777216"
    "memorysetup-job-temp-allocator-block-size=2097152"
    "memorysetup-job-temp-allocator-block-size-background=1048576"
    "memorysetup-job-temp-allocator-reduction-small-platforms=262144"
    "memorysetup-allocator-temp-initial-block-size-main=262144"
    "memorysetup-allocator-temp-initial-block-size-worker=262144"
    "memorysetup-temp-allocator-size-background-worker=32768"
    "memorysetup-temp-allocator-size-job-worker=262144"
    "memorysetup-temp-allocator-size-preload-manager=33554432"
    "memorysetup-temp-allocator-size-nav-mesh-worker=65536"
    "memorysetup-temp-allocator-size-audio-worker=65536"
    "memorysetup-temp-allocator-size-cloud-worker=32768"
    "memorysetup-temp-allocator-size-gi-baking-worker=262144"
    "memorysetup-temp-allocator-size-gfx=262144"
Player connection [235900]  Target information:

Player connection [235900]  * "[IP] 192.168.1.106 [Port] 0 [Flags] 2 [Guid] 1046643472 [EditorId] 1046643472 [Version] 1048832 [Id] WindowsEditor(7,DESKTOP-F0181D6) [Debug] 1 [PackageName] WindowsEditor [ProjectName] Editor" 

Player connection [235900] Host joined multi-casting on [225.0.0.222:54997]...
Player connection [235900] Host joined alternative multi-casting on [225.0.0.222:34997]...
[PhysX] Initialized MultithreadedTaskDispatcher with 12 workers.
Refreshing native plugins compatible for Editor in 11.45 ms, found 4 plugins.
Preloading 0 native plugins for Editor in 0.00 ms.
Initialize engine version: 2022.3.50f1 (c3db7f8bf9b1)
[Subsystems] Discovering subsystems at path C:/Program Files/Unity/Hub/Editor/2022.3.50f1/Editor/Data/Resources/UnitySubsystems
[Subsystems] Discovering subsystems at path C:/Users/sefa/Documents/GitHub/blmproje/Proje/Assets
GfxDevice: creating device client; threaded=0; jobified=0
Direct3D:
    Version:  Direct3D 11.0 [level 11.1]
    Renderer: NVIDIA GeForce RTX 4060 (ID=0x2882)
    Vendor:   NVIDIA
    VRAM:     7957 MB
    Driver:   32.0.15.6636
Initialize mono
Mono path[0] = 'C:/Program Files/Unity/Hub/Editor/2022.3.50f1/Editor/Data/Managed'
Mono path[1] = 'C:/Program Files/Unity/Hub/Editor/2022.3.50f1/Editor/Data/MonoBleedingEdge/lib/mono/unityjit-win32'
Mono config path = 'C:/Program Files/Unity/Hub/Editor/2022.3.50f1/Editor/Data/MonoBleedingEdge/etc'
Using monoOptions --debugger-agent=transport=dt_socket,embedding=1,server=y,suspend=n,address=127.0.0.1:56432
Begin MonoManager ReloadAssembly
Registering precompiled unity dll's ...
Register platform support module: C:/Program Files/Unity/Hub/Editor/2022.3.50f1/Editor/Data/PlaybackEngines/WebGLSupport/UnityEditor.WebGL.Extensions.dll
Register platform support module: C:/Program Files/Unity/Hub/Editor/2022.3.50f1/Editor/Data/PlaybackEngines/WindowsStandaloneSupport/UnityEditor.WindowsStandalone.Extensions.dll
Registered in 0.008278 seconds.
- Loaded All Assemblies, in  0.212 seconds
Native extension for WindowsStandalone target not found
Native extension for WebGL target not found
Mono: successfully reloaded assembly
- Finished resetting the current domain, in  0.146 seconds
Domain Reload Profiling: 356ms
	BeginReloadAssembly (69ms)
		ExecutionOrderSort (0ms)
		DisableScriptedObjects (0ms)
		BackupInstance (0ms)
		ReleaseScriptingObjects (0ms)
		CreateAndSetChildDomain (1ms)
	RebuildCommonClasses (19ms)
	RebuildNativeTypeToScriptingClass (6ms)
	initialDomainReloadingComplete (39ms)
	LoadAllAssembliesAndSetupDomain (77ms)
		LoadAssemblies (67ms)
		RebuildTransferFunctionScriptingTraits (0ms)
		AnalyzeDomain (76ms)
			TypeCache.Refresh (75ms)
				TypeCache.ScanAssembly (67ms)
			ScanForSourceGeneratedMonoScriptInfo (0ms)
			ResolveRequiredComponents (0ms)
	FinalizeReload (146ms)
		ReleaseScriptCaches (0ms)
		RebuildScriptCaches (0ms)
		SetupLoadedEditorAssemblies (121ms)
			LogAssemblyErrors (0ms)
			InitializePlatformSupportModulesInManaged (7ms)
			SetLoadedEditorAssemblies (3ms)
			RefreshPlugins (0ms)
			BeforeProcessingInitializeOnLoad (1ms)
			ProcessInitializeOnLoadAttributes (85ms)
			ProcessInitializeOnLoadMethodAttributes (24ms)
			AfterProcessingInitializeOnLoad (0ms)
			EditorAssembliesLoaded (0ms)
		ExecutionOrderSort2 (0ms)
		AwakeInstancesAfterBackupRestoration (0ms)
========================================================================
Worker process is ready to serve import requests
Caller must complete domain reload
Begin MonoManager ReloadAssembly
- Loaded All Assemblies, in  0.440 seconds
Native extension for WindowsStandalone target not found
Native extension for WebGL target not found
Mono: successfully reloaded assembly
- Finished resetting the current domain, in  0.445 seconds
Domain Reload Profiling: 881ms
	BeginReloadAssembly (90ms)
		ExecutionOrderSort (0ms)
		DisableScriptedObjects (3ms)
		BackupInstance (0ms)
		ReleaseScriptingObjects (0ms)
		CreateAndSetChildDomain (15ms)
	RebuildCommonClasses (18ms)
	RebuildNativeTypeToScriptingClass (6ms)
	initialDomainReloadingComplete (26ms)
	LoadAllAssembliesAndSetupDomain (296ms)
		LoadAssemblies (222ms)
		RebuildTransferFunctionScriptingTraits (0ms)
		AnalyzeDomain (126ms)
			TypeCache.Refresh (103ms)
				TypeCache.ScanAssembly (93ms)
			ScanForSourceGeneratedMonoScriptInfo (16ms)
			ResolveRequiredComponents (6ms)
	FinalizeReload (445ms)
		ReleaseScriptCaches (0ms)
		RebuildScriptCaches (0ms)
		SetupLoadedEditorAssemblies (358ms)
			LogAssemblyErrors (0ms)
			InitializePlatformSupportModulesInManaged (6ms)
			SetLoadedEditorAssemblies (3ms)
			RefreshPlugins (0ms)
			BeforeProcessingInitializeOnLoad (62ms)
			ProcessInitializeOnLoadAttributes (238ms)
			ProcessInitializeOnLoadMethodAttributes (43ms)
			AfterProcessingInitializeOnLoad (7ms)
			EditorAssembliesLoaded (0ms)
		ExecutionOrderSort2 (0ms)
		AwakeInstancesAfterBackupRestoration (3ms)
Launched and connected shader compiler UnityShaderCompiler.exe after 0.03 seconds
Refreshing native plugins compatible for Editor in 4.32 ms, found 4 plugins.
Preloading 0 native plugins for Editor in 0.00 ms.
Unloading 5814 Unused Serialized files (Serialized files now loaded: 0)
Unloading 52 unused Assets / (0.6 MB). Loaded Objects now: 6276.
Memory consumption went from 230.2 MB to 229.6 MB.
Total: 2.755400 ms (FindLiveObjects: 0.341900 ms CreateObjectMapping: 0.116900 ms MarkObjects: 2.052400 ms  DeleteObjects: 0.243600 ms)

AssetImportParameters requested are different than current active one (requested -> active):
  custom:container-demuxer-ogg: 62fdf1f143b41e24485cea50d1cbac27 -> 
  custom:video-decoder-ogg-theora: a1e56fd34408186e4bbccfd4996cb3dc -> 
  custom:framework-win-MediaFoundation: 216162199b28c13a410421893ffa2e32 -> 
  custom:CustomObjectIndexerAttribute: 72b91833f83ae208fae7752999fa3104 -> 
  custom:container-demuxer-webm: 4f35f7cbe854078d1ac9338744f61a02 -> 
  custom:container-muxer-webm: aa71ff27fc2769a1b78a27578f13a17b -> 
  custom:video-decoder-webm-vp8: 9c59270c3fd7afecdb556c50c9e8de78 -> 
  custom:SearchIndexIgnoredProperties: e643bd26f0fe6173181afceb89e7c659 -> 
  custom:AudioImporter_EditorPlatform: d09bf68614088b80899f8185d706f6e7 -> 
  custom:video-encoder-webm-vp8: eb34c28f22e8b96e1ab97ce403110664 -> 
  custom:audio-decoder-ogg-vorbis: bf7c407c2cedff20999df2af8eb42d56 -> 
  custom:audio-encoder-webm-vorbis: bf7c407c2cedff20999df2af8eb42d56 -> 
========================================================================
Received Import Request.
  Time since last request: 1246990.320036 seconds.
  path: Assets/CourseAssets/Textures/Sprites/Bosses/SlimeBlockKing/Blue/SlimeBlockKingMoveUpRight_Blue.png
  artifactKey: Guid(b4d7adf8c58d46449b7f73a5dc3c868c) Importer(815301076,1909f56bfc062723c751e8b465ee728b)
Start importing Assets/CourseAssets/Textures/Sprites/Bosses/SlimeBlockKing/Blue/SlimeBlockKingMoveUpRight_Blue.png using Guid(b4d7adf8c58d46449b7f73a5dc3c868c) Importer(815301076,1909f56bfc062723c751e8b465ee728b) [PhysX] Initialized MultithreadedTaskDispatcher with 12 workers.
[PhysX] Initialized MultithreadedTaskDispatcher with 12 workers.
 -> (artifact id: '911d4460d50988942000c1e8375a7a37') in 0.359076 seconds
Number of updated asset objects reloaded before import = 0
Number of asset objects unloaded after import = 5464
========================================================================
Received Import Request.
  Time since last request: 0.000023 seconds.
  path: Assets/CourseAssets/Textures/Sprites/Bosses/SlimeBlockKing/Red/SlimeBlockKingMoveUpRight_Red.png
  artifactKey: Guid(36aabe6b89a20b44b8c8a6415ca59e09) Importer(815301076,1909f56bfc062723c751e8b465ee728b)
Start importing Assets/CourseAssets/Textures/Sprites/Bosses/SlimeBlockKing/Red/SlimeBlockKingMoveUpRight_Red.png using Guid(36aabe6b89a20b44b8c8a6415ca59e09) Importer(815301076,1909f56bfc062723c751e8b465ee728b) [PhysX] Initialized MultithreadedTaskDispatcher with 12 workers.
[PhysX] Initialized MultithreadedTaskDispatcher with 12 workers.
 -> (artifact id: 'fc6b41ee0200c61c0c8be5be12b3f022') in 0.237702 seconds
Number of updated asset objects reloaded before import = 0
Number of asset objects unloaded after import = 5464
========================================================================
Received Import Request.
  Time since last request: 0.000031 seconds.
  path: Assets/CourseAssets/Textures/Sprites/Enemies/SlimeBlock/SlimeBlockMoveUp.png
  artifactKey: Guid(44d45afe40f3cac48a920f3819756765) Importer(815301076,1909f56bfc062723c751e8b465ee728b)
Start importing Assets/CourseAssets/Textures/Sprites/Enemies/SlimeBlock/SlimeBlockMoveUp.png using Guid(44d45afe40f3cac48a920f3819756765) Importer(815301076,1909f56bfc062723c751e8b465ee728b) [PhysX] Initialized MultithreadedTaskDispatcher with 12 workers.
[PhysX] Initialized MultithreadedTaskDispatcher with 12 workers.
 -> (artifact id: '3cf9ea9f065fb16fe6b702685690c771') in 0.231505 seconds
Number of updated asset objects reloaded before import = 0
Number of asset objects unloaded after import = 5464
========================================================================
Received Import Request.
  Time since last request: 1.020061 seconds.
  path: Assets/CourseAssets/Textures/Sprites/Bosses/SlimeBlockKing/Green/SlimeBlockKingIdleUpRight.png
  artifactKey: Guid(5037883925e41cd46a19cc626b30fb8f) Importer(815301076,1909f56bfc062723c751e8b465ee728b)
Start importing Assets/CourseAssets/Textures/Sprites/Bosses/SlimeBlockKing/Green/SlimeBlockKingIdleUpRight.png using Guid(5037883925e41cd46a19cc626b30fb8f) Importer(815301076,1909f56bfc062723c751e8b465ee728b) [PhysX] Initialized MultithreadedTaskDispatcher with 12 workers.
[PhysX] Initialized MultithreadedTaskDispatcher with 12 workers.
 -> (artifact id: '526d701a1596b7c30602bbde165b3156') in 0.248672 seconds
Number of updated asset objects reloaded before import = 0
Number of asset objects unloaded after import = 5464
========================================================================
Received Import Request.
  Time since last request: 0.000028 seconds.
  path: Assets/CourseAssets/Textures/Sprites/Bosses/SlimeBlockKing/Red/SlimeBlockKingIdleUpRight_Red.png
  artifactKey: Guid(ebeb1f871dd7b874a87e69b76fad8b6f) Importer(815301076,1909f56bfc062723c751e8b465ee728b)
Start importing Assets/CourseAssets/Textures/Sprites/Bosses/SlimeBlockKing/Red/SlimeBlockKingIdleUpRight_Red.png using Guid(ebeb1f871dd7b874a87e69b76fad8b6f) Importer(815301076,1909f56bfc062723c751e8b465ee728b) [PhysX] Initialized MultithreadedTaskDispatcher with 12 workers.
[PhysX] Initialized MultithreadedTaskDispatcher with 12 workers.
 -> (artifact id: '3be412bf31283d6694071b51fbc68c91') in 0.244820 seconds
Number of updated asset objects reloaded before import = 0
Number of asset objects unloaded after import = 5464
========================================================================
Received Import Request.
  Time since last request: 40.861837 seconds.
  path: Assets/0x72_DungeonTilesetII_v1.7/frames/slug_anim_f2.png
  artifactKey: Guid(a7890a9bd1291a2419fb86fc001a34eb) Importer(815301076,1909f56bfc062723c751e8b465ee728b)
Start importing Assets/0x72_DungeonTilesetII_v1.7/frames/slug_anim_f2.png using Guid(a7890a9bd1291a2419fb86fc001a34eb) Importer(815301076,1909f56bfc062723c751e8b465ee728b) [PhysX] Initialized MultithreadedTaskDispatcher with 12 workers.
[PhysX] Initialized MultithreadedTaskDispatcher with 12 workers.
 -> (artifact id: '56b29952abe0b3ff462147d84ce5f93d') in 0.012587 seconds
Number of updated asset objects reloaded before import = 0
Number of asset objects unloaded after import = 3
========================================================================
Received Import Request.
  Time since last request: 0.000015 seconds.
  path: Assets/0x72_DungeonTilesetII_v1.7/frames/tiny_slug_anim_f1.png
  artifactKey: Guid(cec6967bb65474f4ea3def1f9ccd6d85) Importer(815301076,1909f56bfc062723c751e8b465ee728b)
Start importing Assets/0x72_DungeonTilesetII_v1.7/frames/tiny_slug_anim_f1.png using Guid(cec6967bb65474f4ea3def1f9ccd6d85) Importer(815301076,1909f56bfc062723c751e8b465ee728b) [PhysX] Initialized MultithreadedTaskDispatcher with 12 workers.
[PhysX] Initialized MultithreadedTaskDispatcher with 12 workers.
 -> (artifact id: '8e14872a450b7ea225b601cfd1f7da06') in 0.013723 seconds
Number of updated asset objects reloaded before import = 0
Number of asset objects unloaded after import = 3
========================================================================
Received Import Request.
  Time since last request: 0.000013 seconds.
  path: Assets/0x72_DungeonTilesetII_v1.7/frames/tiny_slug_anim_f0.png
  artifactKey: Guid(344df37e95204164a9c3aa5f80403690) Importer(815301076,1909f56bfc062723c751e8b465ee728b)
Start importing Assets/0x72_DungeonTilesetII_v1.7/frames/tiny_slug_anim_f0.png using Guid(344df37e95204164a9c3aa5f80403690) Importer(815301076,1909f56bfc062723c751e8b465ee728b) [PhysX] Initialized MultithreadedTaskDispatcher with 12 workers.
[PhysX] Initialized MultithreadedTaskDispatcher with 12 workers.
 -> (artifact id: 'a1cc17f34eb0f10cee1fee9615605658') in 0.012677 seconds
Number of updated asset objects reloaded before import = 0
Number of asset objects unloaded after import = 3
========================================================================
Received Import Request.
  Time since last request: 1.731947 seconds.
  path: Assets/CourseAssets/Textures/Sprites/Bosses/SlimeBlockKing/Red/SlimeBlockKingMoveRight_Red.png
  artifactKey: Guid(39f644af82ea6b6488cb9c2d4fc132a6) Importer(815301076,1909f56bfc062723c751e8b465ee728b)
Start importing Assets/CourseAssets/Textures/Sprites/Bosses/SlimeBlockKing/Red/SlimeBlockKingMoveRight_Red.png using Guid(39f644af82ea6b6488cb9c2d4fc132a6) Importer(815301076,1909f56bfc062723c751e8b465ee728b) [PhysX] Initialized MultithreadedTaskDispatcher with 12 workers.
[PhysX] Initialized MultithreadedTaskDispatcher with 12 workers.
 -> (artifact id: '21e9039296cb1462ddc4367f85bf88c6') in 0.238369 seconds
Number of updated asset objects reloaded before import = 0
Number of asset objects unloaded after import = 5464
========================================================================
Received Import Request.
  Time since last request: 0.000021 seconds.
  path: Assets/CourseAssets/Textures/Sprites/Bosses/SlimeBlockKing/Green/SlimeBlockKingMoveUp.png
  artifactKey: Guid(c0e36ab4a4c34c1458cb67e4eea61d49) Importer(815301076,1909f56bfc062723c751e8b465ee728b)
Start importing Assets/CourseAssets/Textures/Sprites/Bosses/SlimeBlockKing/Green/SlimeBlockKingMoveUp.png using Guid(c0e36ab4a4c34c1458cb67e4eea61d49) Importer(815301076,1909f56bfc062723c751e8b465ee728b) [PhysX] Initialized MultithreadedTaskDispatcher with 12 workers.
[PhysX] Initialized MultithreadedTaskDispatcher with 12 workers.
 -> (artifact id: '43b42ce215ea9e37b26d7e86fa144e7c') in 0.234856 seconds
Number of updated asset objects reloaded before import = 0
Number of asset objects unloaded after import = 5464
========================================================================
Received Import Request.
  Time since last request: 74.797172 seconds.
  path: Assets/CourseAssets/Textures/Sprites/Collision/Half Height Collision Tile.png
  artifactKey: Guid(bac2a5cbe35544f45a76cd9c601b078f) Importer(815301076,1909f56bfc062723c751e8b465ee728b)
Start importing Assets/CourseAssets/Textures/Sprites/Collision/Half Height Collision Tile.png using Guid(bac2a5cbe35544f45a76cd9c601b078f) Importer(815301076,1909f56bfc062723c751e8b465ee728b) [PhysX] Initialized MultithreadedTaskDispatcher with 12 workers.
[PhysX] Initialized MultithreadedTaskDispatcher with 12 workers.
 -> (artifact id: '30becebc2f67cb41f23c6a552d7d8d9e') in 0.251434 seconds
Number of updated asset objects reloaded before import = 0
Number of asset objects unloaded after import = 5464
========================================================================
Received Import Request.
  Time since last request: 0.000029 seconds.
  path: Assets/CourseAssets/Textures/Tilemap/Statues/sarcophagus_pedestal_right.png
  artifactKey: Guid(d1eeafec367e311418b8baee1a42cecc) Importer(815301076,1909f56bfc062723c751e8b465ee728b)
Start importing Assets/CourseAssets/Textures/Tilemap/Statues/sarcophagus_pedestal_right.png using Guid(d1eeafec367e311418b8baee1a42cecc) Importer(815301076,1909f56bfc062723c751e8b465ee728b) [PhysX] Initialized MultithreadedTaskDispatcher with 12 workers.
[PhysX] Initialized MultithreadedTaskDispatcher with 12 workers.
 -> (artifact id: 'f70b51c8323919ba56dd0e70e10e85f0') in 0.246105 seconds
Number of updated asset objects reloaded before import = 0
Number of asset objects unloaded after import = 5464
========================================================================
Received Import Request.
  Time since last request: 0.000026 seconds.
  path: Assets/CourseAssets/Textures/Tilemap/Shading/Shading.png
  artifactKey: Guid(aa4436a2d8907bd43bdd244f56a3aafe) Importer(815301076,1909f56bfc062723c751e8b465ee728b)
Start importing Assets/CourseAssets/Textures/Tilemap/Shading/Shading.png using Guid(aa4436a2d8907bd43bdd244f56a3aafe) Importer(815301076,1909f56bfc062723c751e8b465ee728b) [PhysX] Initialized MultithreadedTaskDispatcher with 12 workers.
[PhysX] Initialized MultithreadedTaskDispatcher with 12 workers.
 -> (artifact id: '7c544c1b6b2f6957cd030571e714d35e') in 0.286498 seconds
Number of updated asset objects reloaded before import = 0
Number of asset objects unloaded after import = 5464
========================================================================
Received Import Request.
  Time since last request: 0.000021 seconds.
  path: Assets/0x72_16x16DungeonTileset.v5/items/hand_big.png
  artifactKey: Guid(0dbe1f6826e36b645ae32487ba67434e) Importer(815301076,1909f56bfc062723c751e8b465ee728b)
Start importing Assets/0x72_16x16DungeonTileset.v5/items/hand_big.png using Guid(0dbe1f6826e36b645ae32487ba67434e) Importer(815301076,1909f56bfc062723c751e8b465ee728b) [PhysX] Initialized MultithreadedTaskDispatcher with 12 workers.
[PhysX] Initialized MultithreadedTaskDispatcher with 12 workers.
 -> (artifact id: 'eb5d6ec87bc09c3673f9f1ab5ee93bc3') in 0.014688 seconds
Number of updated asset objects reloaded before import = 0
Number of asset objects unloaded after import = 3
========================================================================
Received Import Request.
  Time since last request: 0.000023 seconds.
  path: Assets/0x72_16x16DungeonTileset.v5/items/npc_merchant_2.png
  artifactKey: Guid(7de147eedaf3ec3468b0ef1eb5adcb58) Importer(815301076,1909f56bfc062723c751e8b465ee728b)
Start importing Assets/0x72_16x16DungeonTileset.v5/items/npc_merchant_2.png using Guid(7de147eedaf3ec3468b0ef1eb5adcb58) Importer(815301076,1909f56bfc062723c751e8b465ee728b) [PhysX] Initialized MultithreadedTaskDispatcher with 12 workers.
[PhysX] Initialized MultithreadedTaskDispatcher with 12 workers.
 -> (artifact id: '9802bdd7d6f5d029b1adffc3e3b7c865') in 0.011329 seconds
Number of updated asset objects reloaded before import = 0
Number of asset objects unloaded after import = 3
========================================================================
Received Import Request.
  Time since last request: 0.000013 seconds.
  path: Assets/CourseAssets/Textures/Tilemap/Statues/sarcophagus_pedestal_left.png
  artifactKey: Guid(7077c62f3b1da9d4090a6905af0e0bd1) Importer(815301076,1909f56bfc062723c751e8b465ee728b)
Start importing Assets/CourseAssets/Textures/Tilemap/Statues/sarcophagus_pedestal_left.png using Guid(7077c62f3b1da9d4090a6905af0e0bd1) Importer(815301076,1909f56bfc062723c751e8b465ee728b) [PhysX] Initialized MultithreadedTaskDispatcher with 12 workers.
[PhysX] Initialized MultithreadedTaskDispatcher with 12 workers.
 -> (artifact id: 'd32c37798aeb04aa3165a5218e97c134') in 0.240426 seconds
Number of updated asset objects reloaded before import = 0
Number of asset objects unloaded after import = 5464
Editor requested this worker to shutdown with reason: Scaling down because of idle timeout
TcpMessagingSession - receive error: operation aborted. errorcode: 995, details: The I/O operation has been aborted because of either a thread exit or an application request.
AssetImportWorker is now disconnected from the server
Process exiting
Exiting without the bug reporter. Application will terminate with return code 0