Using pre-set license
Built from '2022.3/staging' branch; Version is '2022.3.50f1 (c3db7f8bf9b1) revision 12835711'; Using compiler version '192829333'; Build Type 'Release'
OS: 'Windows 10  (10.0.19044) 64bit IoTEnterpriseS' Language: 'en' Physical Memory: 31965 MB
BatchMode: 1, IsHumanControllingUs: 0, StartBugReporterOnCrash: 0, Is64bit: 1, IsPro: 1

COMMAND LINE ARGUMENTS:
C:\Program Files\Unity\Hub\Editor\2022.3.50f1\Editor\Unity.exe
-adb2
-batchMode
-noUpm
-name
AssetImportWorker7
-projectPath
C:/Users/sefa/Documents/GitHub/blmproje/Proje
-logFile
Logs/AssetImportWorker7.log
-srvPort
60991
Successfully changed project path to: C:/Users/sefa/Documents/GitHub/blmproje/Proje
C:/Users/sefa/Documents/GitHub/blmproje/Proje
[UnityMemory] Configuration Parameters - Can be set up in boot.config
    "memorysetup-bucket-allocator-granularity=16"
    "memorysetup-bucket-allocator-bucket-count=8"
    "memorysetup-bucket-allocator-block-size=33554432"
    "memorysetup-bucket-allocator-block-count=8"
    "memorysetup-main-allocator-block-size=16777216"
    "memorysetup-thread-allocator-block-size=16777216"
    "memorysetup-gfx-main-allocator-block-size=16777216"
    "memorysetup-gfx-thread-allocator-block-size=16777216"
    "memorysetup-cache-allocator-block-size=4194304"
    "memorysetup-typetree-allocator-block-size=2097152"
    "memorysetup-profiler-bucket-allocator-granularity=16"
    "memorysetup-profiler-bucket-allocator-bucket-count=8"
    "memorysetup-profiler-bucket-allocator-block-size=33554432"
    "memorysetup-profiler-bucket-allocator-block-count=8"
    "memorysetup-profiler-allocator-block-size=16777216"
    "memorysetup-profiler-editor-allocator-block-size=1048576"
    "memorysetup-temp-allocator-size-main=16777216"
    "memorysetup-job-temp-allocator-block-size=2097152"
    "memorysetup-job-temp-allocator-block-size-background=1048576"
    "memorysetup-job-temp-allocator-reduction-small-platforms=262144"
    "memorysetup-allocator-temp-initial-block-size-main=262144"
    "memorysetup-allocator-temp-initial-block-size-worker=262144"
    "memorysetup-temp-allocator-size-background-worker=32768"
    "memorysetup-temp-allocator-size-job-worker=262144"
    "memorysetup-temp-allocator-size-preload-manager=33554432"
    "memorysetup-temp-allocator-size-nav-mesh-worker=65536"
    "memorysetup-temp-allocator-size-audio-worker=65536"
    "memorysetup-temp-allocator-size-cloud-worker=32768"
    "memorysetup-temp-allocator-size-gi-baking-worker=262144"
    "memorysetup-temp-allocator-size-gfx=262144"
Player connection [154060]  Target information:

Player connection [154060]  * "[IP] 192.168.1.106 [Port] 0 [Flags] 2 [Guid] 1162272086 [EditorId] 1162272086 [Version] 1048832 [Id] WindowsEditor(7,DESKTOP-F0181D6) [Debug] 1 [PackageName] WindowsEditor [ProjectName] Editor" 

Player connection [154060] Host joined multi-casting on [225.0.0.222:54997]...
Player connection [154060] Host joined alternative multi-casting on [225.0.0.222:34997]...
[PhysX] Initialized MultithreadedTaskDispatcher with 12 workers.
Refreshing native plugins compatible for Editor in 10.66 ms, found 4 plugins.
Preloading 0 native plugins for Editor in 0.00 ms.
Initialize engine version: 2022.3.50f1 (c3db7f8bf9b1)
[Subsystems] Discovering subsystems at path C:/Program Files/Unity/Hub/Editor/2022.3.50f1/Editor/Data/Resources/UnitySubsystems
[Subsystems] Discovering subsystems at path C:/Users/sefa/Documents/GitHub/blmproje/Proje/Assets
GfxDevice: creating device client; threaded=0; jobified=0
Direct3D:
    Version:  Direct3D 11.0 [level 11.1]
    Renderer: NVIDIA GeForce RTX 4060 (ID=0x2882)
    Vendor:   NVIDIA
    VRAM:     7957 MB
    Driver:   32.0.15.6636
Initialize mono
Mono path[0] = 'C:/Program Files/Unity/Hub/Editor/2022.3.50f1/Editor/Data/Managed'
Mono path[1] = 'C:/Program Files/Unity/Hub/Editor/2022.3.50f1/Editor/Data/MonoBleedingEdge/lib/mono/unityjit-win32'
Mono config path = 'C:/Program Files/Unity/Hub/Editor/2022.3.50f1/Editor/Data/MonoBleedingEdge/etc'
Using monoOptions --debugger-agent=transport=dt_socket,embedding=1,server=y,suspend=n,address=127.0.0.1:56912
Begin MonoManager ReloadAssembly
Registering precompiled unity dll's ...
Register platform support module: C:/Program Files/Unity/Hub/Editor/2022.3.50f1/Editor/Data/PlaybackEngines/WebGLSupport/UnityEditor.WebGL.Extensions.dll
Register platform support module: C:/Program Files/Unity/Hub/Editor/2022.3.50f1/Editor/Data/PlaybackEngines/WindowsStandaloneSupport/UnityEditor.WindowsStandalone.Extensions.dll
Registered in 0.008700 seconds.
- Loaded All Assemblies, in  0.245 seconds
Native extension for WindowsStandalone target not found
Native extension for WebGL target not found
Mono: successfully reloaded assembly
- Finished resetting the current domain, in  0.175 seconds
Domain Reload Profiling: 418ms
	BeginReloadAssembly (77ms)
		ExecutionOrderSort (0ms)
		DisableScriptedObjects (0ms)
		BackupInstance (0ms)
		ReleaseScriptingObjects (0ms)
		CreateAndSetChildDomain (1ms)
	RebuildCommonClasses (22ms)
	RebuildNativeTypeToScriptingClass (6ms)
	initialDomainReloadingComplete (43ms)
	LoadAllAssembliesAndSetupDomain (95ms)
		LoadAssemblies (75ms)
		RebuildTransferFunctionScriptingTraits (0ms)
		AnalyzeDomain (93ms)
			TypeCache.Refresh (92ms)
				TypeCache.ScanAssembly (81ms)
			ScanForSourceGeneratedMonoScriptInfo (0ms)
			ResolveRequiredComponents (0ms)
	FinalizeReload (175ms)
		ReleaseScriptCaches (0ms)
		RebuildScriptCaches (0ms)
		SetupLoadedEditorAssemblies (147ms)
			LogAssemblyErrors (0ms)
			InitializePlatformSupportModulesInManaged (8ms)
			SetLoadedEditorAssemblies (3ms)
			RefreshPlugins (0ms)
			BeforeProcessingInitializeOnLoad (1ms)
			ProcessInitializeOnLoadAttributes (104ms)
			ProcessInitializeOnLoadMethodAttributes (30ms)
			AfterProcessingInitializeOnLoad (0ms)
			EditorAssembliesLoaded (0ms)
		ExecutionOrderSort2 (0ms)
		AwakeInstancesAfterBackupRestoration (0ms)
========================================================================
Worker process is ready to serve import requests
Caller must complete domain reload
Begin MonoManager ReloadAssembly
- Loaded All Assemblies, in  0.435 seconds
Native extension for WindowsStandalone target not found
Native extension for WebGL target not found
Mono: successfully reloaded assembly
- Finished resetting the current domain, in  0.497 seconds
Domain Reload Profiling: 929ms
	BeginReloadAssembly (91ms)
		ExecutionOrderSort (0ms)
		DisableScriptedObjects (3ms)
		BackupInstance (0ms)
		ReleaseScriptingObjects (0ms)
		CreateAndSetChildDomain (16ms)
	RebuildCommonClasses (18ms)
	RebuildNativeTypeToScriptingClass (6ms)
	initialDomainReloadingComplete (28ms)
	LoadAllAssembliesAndSetupDomain (289ms)
		LoadAssemblies (220ms)
		RebuildTransferFunctionScriptingTraits (0ms)
		AnalyzeDomain (121ms)
			TypeCache.Refresh (98ms)
				TypeCache.ScanAssembly (88ms)
			ScanForSourceGeneratedMonoScriptInfo (16ms)
			ResolveRequiredComponents (6ms)
	FinalizeReload (498ms)
		ReleaseScriptCaches (0ms)
		RebuildScriptCaches (0ms)
		SetupLoadedEditorAssemblies (406ms)
			LogAssemblyErrors (0ms)
			InitializePlatformSupportModulesInManaged (6ms)
			SetLoadedEditorAssemblies (4ms)
			RefreshPlugins (0ms)
			BeforeProcessingInitializeOnLoad (65ms)
			ProcessInitializeOnLoadAttributes (271ms)
			ProcessInitializeOnLoadMethodAttributes (52ms)
			AfterProcessingInitializeOnLoad (7ms)
			EditorAssembliesLoaded (0ms)
		ExecutionOrderSort2 (0ms)
		AwakeInstancesAfterBackupRestoration (4ms)
Launched and connected shader compiler UnityShaderCompiler.exe after 0.03 seconds
Refreshing native plugins compatible for Editor in 5.38 ms, found 4 plugins.
Preloading 0 native plugins for Editor in 0.00 ms.
Unloading 5814 Unused Serialized files (Serialized files now loaded: 0)
Unloading 52 unused Assets / (0.6 MB). Loaded Objects now: 6276.
Memory consumption went from 230.2 MB to 229.6 MB.
Total: 3.561700 ms (FindLiveObjects: 0.382200 ms CreateObjectMapping: 0.085100 ms MarkObjects: 2.783700 ms  DeleteObjects: 0.310200 ms)

AssetImportParameters requested are different than current active one (requested -> active):
  custom:container-demuxer-ogg: 62fdf1f143b41e24485cea50d1cbac27 -> 
  custom:video-decoder-ogg-theora: a1e56fd34408186e4bbccfd4996cb3dc -> 
  custom:framework-win-MediaFoundation: 216162199b28c13a410421893ffa2e32 -> 
  custom:CustomObjectIndexerAttribute: 72b91833f83ae208fae7752999fa3104 -> 
  custom:container-demuxer-webm: 4f35f7cbe854078d1ac9338744f61a02 -> 
  custom:container-muxer-webm: aa71ff27fc2769a1b78a27578f13a17b -> 
  custom:video-decoder-webm-vp8: 9c59270c3fd7afecdb556c50c9e8de78 -> 
  custom:SearchIndexIgnoredProperties: e643bd26f0fe6173181afceb89e7c659 -> 
  custom:AudioImporter_EditorPlatform: d09bf68614088b80899f8185d706f6e7 -> 
  custom:video-encoder-webm-vp8: eb34c28f22e8b96e1ab97ce403110664 -> 
  custom:audio-decoder-ogg-vorbis: bf7c407c2cedff20999df2af8eb42d56 -> 
  custom:audio-encoder-webm-vorbis: bf7c407c2cedff20999df2af8eb42d56 -> 
========================================================================
Received Import Request.
  Time since last request: 1246013.293096 seconds.
  path: Assets/0x72_DungeonTilesetII_v1.7/frames/orc_shaman_run_anim_f2.png
  artifactKey: Guid(322f696b4d129a048bcd86d69d5582a8) Importer(815301076,1909f56bfc062723c751e8b465ee728b)
Start importing Assets/0x72_DungeonTilesetII_v1.7/frames/orc_shaman_run_anim_f2.png using Guid(322f696b4d129a048bcd86d69d5582a8) Importer(815301076,1909f56bfc062723c751e8b465ee728b) [PhysX] Initialized MultithreadedTaskDispatcher with 12 workers.
[PhysX] Initialized MultithreadedTaskDispatcher with 12 workers.
 -> (artifact id: '481d6ee62958fc10ffc2cf3dfc64e68d') in 0.081227 seconds
Number of updated asset objects reloaded before import = 0
Number of asset objects unloaded after import = 3
========================================================================
Received Import Request.
  Time since last request: 0.000023 seconds.
  path: Assets/CourseAssets/Textures/Tilemap/Floor/orc5.png
  artifactKey: Guid(2dd1ad27d1d7ae4478d7d4cff5707af6) Importer(815301076,1909f56bfc062723c751e8b465ee728b)
Start importing Assets/CourseAssets/Textures/Tilemap/Floor/orc5.png using Guid(2dd1ad27d1d7ae4478d7d4cff5707af6) Importer(815301076,1909f56bfc062723c751e8b465ee728b) [PhysX] Initialized MultithreadedTaskDispatcher with 12 workers.
[PhysX] Initialized MultithreadedTaskDispatcher with 12 workers.
 -> (artifact id: '7ae0afa21a547b94e85475c2f66de029') in 0.283154 seconds
Number of updated asset objects reloaded before import = 0
Number of asset objects unloaded after import = 5464
========================================================================
Received Import Request.
  Time since last request: 3.442624 seconds.
  path: Assets/CourseAssets/Textures/Sprites/Enemies/Orc/OrcIdleUp.png
  artifactKey: Guid(98cc70469c209944d9255240da2fbd93) Importer(815301076,1909f56bfc062723c751e8b465ee728b)
Start importing Assets/CourseAssets/Textures/Sprites/Enemies/Orc/OrcIdleUp.png using Guid(98cc70469c209944d9255240da2fbd93) Importer(815301076,1909f56bfc062723c751e8b465ee728b) [PhysX] Initialized MultithreadedTaskDispatcher with 12 workers.
[PhysX] Initialized MultithreadedTaskDispatcher with 12 workers.
 -> (artifact id: 'c2e85f7fd32f1f582e5191f2e6010ff1') in 0.385317 seconds
Number of updated asset objects reloaded before import = 0
Number of asset objects unloaded after import = 5464
========================================================================
Received Import Request.
  Time since last request: 58.049656 seconds.
  path: Assets/0x72_16x16DungeonTileset.v5/items/door_open.png
  artifactKey: Guid(019a4c78d5ca75b479df9d81ace3e180) Importer(815301076,1909f56bfc062723c751e8b465ee728b)
Start importing Assets/0x72_16x16DungeonTileset.v5/items/door_open.png using Guid(019a4c78d5ca75b479df9d81ace3e180) Importer(815301076,1909f56bfc062723c751e8b465ee728b) [PhysX] Initialized MultithreadedTaskDispatcher with 12 workers.
[PhysX] Initialized MultithreadedTaskDispatcher with 12 workers.
 -> (artifact id: 'dfe7fce9248d820a3b92e659aa5db3aa') in 0.033120 seconds
Number of updated asset objects reloaded before import = 0
Number of asset objects unloaded after import = 3
========================================================================
Received Import Request.
  Time since last request: 188.759275 seconds.
  path: Assets/0x72_16x16DungeonTileset.v5/items/wall_missing_brick_1.png
  artifactKey: Guid(640e35d123082c445b5a7dcf4ff257f4) Importer(815301076,1909f56bfc062723c751e8b465ee728b)
Start importing Assets/0x72_16x16DungeonTileset.v5/items/wall_missing_brick_1.png using Guid(640e35d123082c445b5a7dcf4ff257f4) Importer(815301076,1909f56bfc062723c751e8b465ee728b) [PhysX] Initialized MultithreadedTaskDispatcher with 12 workers.
[PhysX] Initialized MultithreadedTaskDispatcher with 12 workers.
 -> (artifact id: '5b9083edd0d4f8df9d81036cda1e5011') in 0.011241 seconds
Number of updated asset objects reloaded before import = 0
Number of asset objects unloaded after import = 3
========================================================================
Received Import Request.
  Time since last request: 0.002085 seconds.
  path: Assets/0x72_16x16DungeonTileset.v5/items/Wall_outer_sw.png
  artifactKey: Guid(25e3dc8895e47cd4e915c5a3138dcf10) Importer(815301076,1909f56bfc062723c751e8b465ee728b)
Start importing Assets/0x72_16x16DungeonTileset.v5/items/Wall_outer_sw.png using Guid(25e3dc8895e47cd4e915c5a3138dcf10) Importer(815301076,1909f56bfc062723c751e8b465ee728b) [PhysX] Initialized MultithreadedTaskDispatcher with 12 workers.
[PhysX] Initialized MultithreadedTaskDispatcher with 12 workers.
 -> (artifact id: '4388a4ec408fee1b999824262d35c814') in 0.011498 seconds
Number of updated asset objects reloaded before import = 0
Number of asset objects unloaded after import = 3
========================================================================
Received Import Request.
  Time since last request: 0.000017 seconds.
  path: Assets/0x72_16x16DungeonTileset.v5/items/Wall_outer_se.png
  artifactKey: Guid(6bcefb46cc9ee4d4db29aeef301eecfc) Importer(815301076,1909f56bfc062723c751e8b465ee728b)
Start importing Assets/0x72_16x16DungeonTileset.v5/items/Wall_outer_se.png using Guid(6bcefb46cc9ee4d4db29aeef301eecfc) Importer(815301076,1909f56bfc062723c751e8b465ee728b) [PhysX] Initialized MultithreadedTaskDispatcher with 12 workers.
[PhysX] Initialized MultithreadedTaskDispatcher with 12 workers.
 -> (artifact id: '6812022e2c4fe29bf30ccce6454d13ad') in 0.012807 seconds
Number of updated asset objects reloaded before import = 0
Number of asset objects unloaded after import = 3
========================================================================
Received Import Request.
  Time since last request: 0.000020 seconds.
  path: Assets/CourseAssets/Textures/Sprites/UI/WeaponStatus.png
  artifactKey: Guid(46bf0dcf0ce407745bf62c4ca32ae625) Importer(815301076,1909f56bfc062723c751e8b465ee728b)
Start importing Assets/CourseAssets/Textures/Sprites/UI/WeaponStatus.png using Guid(46bf0dcf0ce407745bf62c4ca32ae625) Importer(815301076,1909f56bfc062723c751e8b465ee728b) [PhysX] Initialized MultithreadedTaskDispatcher with 12 workers.
 -> (artifact id: 'a7b018a625570c4a0e5388796f1e74e9') in 0.000898 seconds
Number of updated asset objects reloaded before import = 0
Number of asset objects unloaded after import = 0
========================================================================
Received Import Request.
  Time since last request: 0.000013 seconds.
  path: Assets/CourseAssets/Textures/Sprites/Environment/DestroyableDecoration/Skeleton/WhiteSkeleton.png
  artifactKey: Guid(4690aafa166fd034fb9b87aa0a60bca9) Importer(815301076,1909f56bfc062723c751e8b465ee728b)
Start importing Assets/CourseAssets/Textures/Sprites/Environment/DestroyableDecoration/Skeleton/WhiteSkeleton.png using Guid(4690aafa166fd034fb9b87aa0a60bca9) Importer(815301076,1909f56bfc062723c751e8b465ee728b) [PhysX] Initialized MultithreadedTaskDispatcher with 12 workers.
[PhysX] Initialized MultithreadedTaskDispatcher with 12 workers.
 -> (artifact id: 'f9b17baaec2abb892278c30e37660187') in 0.300239 seconds
Number of updated asset objects reloaded before import = 0
Number of asset objects unloaded after import = 5464
========================================================================
Received Import Request.
  Time since last request: 0.120454 seconds.
  path: Assets/CourseAssets/Textures/Sprites/Enemies/Slizzard/SlizzardIdleDown.png
  artifactKey: Guid(a8656369a18034244b64a0e94d781de5) Importer(815301076,1909f56bfc062723c751e8b465ee728b)
Start importing Assets/CourseAssets/Textures/Sprites/Enemies/Slizzard/SlizzardIdleDown.png using Guid(a8656369a18034244b64a0e94d781de5) Importer(815301076,1909f56bfc062723c751e8b465ee728b) [PhysX] Initialized MultithreadedTaskDispatcher with 12 workers.
[PhysX] Initialized MultithreadedTaskDispatcher with 12 workers.
 -> (artifact id: 'd5e79517df0fa59b991d21330ba2c007') in 0.232463 seconds
Number of updated asset objects reloaded before import = 0
Number of asset objects unloaded after import = 5464
========================================================================
Received Import Request.
  Time since last request: 0.000021 seconds.
  path: Assets/CourseAssets/Textures/Sprites/Enemies/Slizzard/SlizzardIdleRight.png
  artifactKey: Guid(1fe5addf72702b8439beeb78465a08c2) Importer(815301076,1909f56bfc062723c751e8b465ee728b)
Start importing Assets/CourseAssets/Textures/Sprites/Enemies/Slizzard/SlizzardIdleRight.png using Guid(1fe5addf72702b8439beeb78465a08c2) Importer(815301076,1909f56bfc062723c751e8b465ee728b) [PhysX] Initialized MultithreadedTaskDispatcher with 12 workers.
[PhysX] Initialized MultithreadedTaskDispatcher with 12 workers.
 -> (artifact id: '08c1444b8df5463d87988443a0197a5c') in 0.238794 seconds
Number of updated asset objects reloaded before import = 0
Number of asset objects unloaded after import = 5464
========================================================================
Received Import Request.
  Time since last request: 0.000028 seconds.
  path: Assets/CourseAssets/Textures/Sprites/Enemies/Slizzard/SlizzardMoveDown.png
  artifactKey: Guid(ef88e6229f9d508479ce144758719233) Importer(815301076,1909f56bfc062723c751e8b465ee728b)
Start importing Assets/CourseAssets/Textures/Sprites/Enemies/Slizzard/SlizzardMoveDown.png using Guid(ef88e6229f9d508479ce144758719233) Importer(815301076,1909f56bfc062723c751e8b465ee728b) [PhysX] Initialized MultithreadedTaskDispatcher with 12 workers.
[PhysX] Initialized MultithreadedTaskDispatcher with 12 workers.
 -> (artifact id: 'e5d21f5229dc4b0741df3b58f6fc48ba') in 0.241608 seconds
Number of updated asset objects reloaded before import = 0
Number of asset objects unloaded after import = 5464
========================================================================
Received Import Request.
  Time since last request: 0.000021 seconds.
  path: Assets/CourseAssets/Textures/Sprites/Enemies/Slizzard/SlizzardIdleUp.png
  artifactKey: Guid(bef8020bdc4e06c43acdf9916b1c2bc1) Importer(815301076,1909f56bfc062723c751e8b465ee728b)
Start importing Assets/CourseAssets/Textures/Sprites/Enemies/Slizzard/SlizzardIdleUp.png using Guid(bef8020bdc4e06c43acdf9916b1c2bc1) Importer(815301076,1909f56bfc062723c751e8b465ee728b) [PhysX] Initialized MultithreadedTaskDispatcher with 12 workers.
[PhysX] Initialized MultithreadedTaskDispatcher with 12 workers.
 -> (artifact id: '1893c367ee8e96f5ea52430877f212f3') in 0.228328 seconds
Number of updated asset objects reloaded before import = 0
Number of asset objects unloaded after import = 5464
========================================================================
Received Import Request.
  Time since last request: 0.000028 seconds.
  path: Assets/CourseAssets/Textures/Sprites/Enemies/Slizzard/SlizzardMoveUp.png
  artifactKey: Guid(ef3595c182a40084e9872653c2e5e8e1) Importer(815301076,1909f56bfc062723c751e8b465ee728b)
Start importing Assets/CourseAssets/Textures/Sprites/Enemies/Slizzard/SlizzardMoveUp.png using Guid(ef3595c182a40084e9872653c2e5e8e1) Importer(815301076,1909f56bfc062723c751e8b465ee728b) [PhysX] Initialized MultithreadedTaskDispatcher with 12 workers.
[PhysX] Initialized MultithreadedTaskDispatcher with 12 workers.
 -> (artifact id: 'c294ae52bb4b41825a6ae9648b96f5ae') in 0.228350 seconds
Number of updated asset objects reloaded before import = 0
Number of asset objects unloaded after import = 5464
========================================================================
Received Prepare
Caller must complete domain reload
Begin MonoManager ReloadAssembly
- Loaded All Assemblies, in  0.958 seconds
Native extension for WindowsStandalone target not found
Native extension for WebGL target not found
Mono: successfully reloaded assembly
- Finished resetting the current domain, in  0.430 seconds
Domain Reload Profiling: 1385ms
	BeginReloadAssembly (718ms)
		ExecutionOrderSort (0ms)
		DisableScriptedObjects (607ms)
		BackupInstance (0ms)
		ReleaseScriptingObjects (0ms)
		CreateAndSetChildDomain (33ms)
	RebuildCommonClasses (19ms)
	RebuildNativeTypeToScriptingClass (10ms)
	initialDomainReloadingComplete (23ms)
	LoadAllAssembliesAndSetupDomain (185ms)
		LoadAssemblies (225ms)
		RebuildTransferFunctionScriptingTraits (0ms)
		AnalyzeDomain (12ms)
			TypeCache.Refresh (4ms)
				TypeCache.ScanAssembly (0ms)
			ScanForSourceGeneratedMonoScriptInfo (0ms)
			ResolveRequiredComponents (7ms)
	FinalizeReload (430ms)
		ReleaseScriptCaches (0ms)
		RebuildScriptCaches (0ms)
		SetupLoadedEditorAssemblies (323ms)
			LogAssemblyErrors (0ms)
			InitializePlatformSupportModulesInManaged (6ms)
			SetLoadedEditorAssemblies (3ms)
			RefreshPlugins (0ms)
			BeforeProcessingInitializeOnLoad (59ms)
			ProcessInitializeOnLoadAttributes (210ms)
			ProcessInitializeOnLoadMethodAttributes (39ms)
			AfterProcessingInitializeOnLoad (7ms)
			EditorAssembliesLoaded (0ms)
		ExecutionOrderSort2 (0ms)
		AwakeInstancesAfterBackupRestoration (7ms)
Refreshing native plugins compatible for Editor in 4.61 ms, found 4 plugins.
Preloading 0 native plugins for Editor in 0.00 ms.
Unloading 5649 Unused Serialized files (Serialized files now loaded: 0)
Unloading 29 unused Assets / (0.6 MB). Loaded Objects now: 6314.
Memory consumption went from 223.2 MB to 222.7 MB.
Total: 3.603400 ms (FindLiveObjects: 0.379600 ms CreateObjectMapping: 0.098700 ms MarkObjects: 2.860100 ms  DeleteObjects: 0.264400 ms)

Prepare: number of updated asset objects reloaded= 0
AssetImportParameters requested are different than current active one (requested -> active):
  custom:container-demuxer-ogg: 62fdf1f143b41e24485cea50d1cbac27 -> 
  custom:video-decoder-ogg-theora: a1e56fd34408186e4bbccfd4996cb3dc -> 
  custom:framework-win-MediaFoundation: 216162199b28c13a410421893ffa2e32 -> 
  custom:CustomObjectIndexerAttribute: 72b91833f83ae208fae7752999fa3104 -> 
  custom:container-demuxer-webm: 4f35f7cbe854078d1ac9338744f61a02 -> 
  custom:container-muxer-webm: aa71ff27fc2769a1b78a27578f13a17b -> 
  custom:video-decoder-webm-vp8: 9c59270c3fd7afecdb556c50c9e8de78 -> 
  custom:SearchIndexIgnoredProperties: e643bd26f0fe6173181afceb89e7c659 -> 
  custom:AudioImporter_EditorPlatform: d09bf68614088b80899f8185d706f6e7 -> 
  custom:video-encoder-webm-vp8: eb34c28f22e8b96e1ab97ce403110664 -> 
  custom:audio-decoder-ogg-vorbis: bf7c407c2cedff20999df2af8eb42d56 -> 
  custom:audio-encoder-webm-vorbis: bf7c407c2cedff20999df2af8eb42d56 -> 
========================================================================
Received Import Request.
  Time since last request: 518.905724 seconds.
  path: Assets/CourseAssets/Textures/Sprites/Bosses/SkullFace/SkullFaceIdleRight.png
  artifactKey: Guid(0a7a189e97ec1b344870a45fcae7c90a) Importer(815301076,1909f56bfc062723c751e8b465ee728b)
Start importing Assets/CourseAssets/Textures/Sprites/Bosses/SkullFace/SkullFaceIdleRight.png using Guid(0a7a189e97ec1b344870a45fcae7c90a) Importer(815301076,1909f56bfc062723c751e8b465ee728b) [PhysX] Initialized MultithreadedTaskDispatcher with 12 workers.
[PhysX] Initialized MultithreadedTaskDispatcher with 12 workers.
 -> (artifact id: 'f8ae3688b9aa7c953badda0ddfab226b') in 0.404552 seconds
Number of updated asset objects reloaded before import = 0
Number of asset objects unloaded after import = 5464
========================================================================
Received Import Request.
  Time since last request: 0.000021 seconds.
  path: Assets/CourseAssets/Textures/Sprites/Bosses/SkullFace/SkullFaceMoveDown.png
  artifactKey: Guid(fdf592668a63f154e9cf5f14452ca0f4) Importer(815301076,1909f56bfc062723c751e8b465ee728b)
Start importing Assets/CourseAssets/Textures/Sprites/Bosses/SkullFace/SkullFaceMoveDown.png using Guid(fdf592668a63f154e9cf5f14452ca0f4) Importer(815301076,1909f56bfc062723c751e8b465ee728b) [PhysX] Initialized MultithreadedTaskDispatcher with 12 workers.
[PhysX] Initialized MultithreadedTaskDispatcher with 12 workers.
 -> (artifact id: 'ae8a5a1959b2deed1f19d0764caaad39') in 0.234521 seconds
Number of updated asset objects reloaded before import = 0
Number of asset objects unloaded after import = 5464
========================================================================
Received Import Request.
  Time since last request: 0.000032 seconds.
  path: Assets/CourseAssets/Textures/Sprites/Bosses/SkullFace/SkullFaceIdleUp.png
  artifactKey: Guid(969e2c49626c94948a5f0ca92b0de676) Importer(815301076,1909f56bfc062723c751e8b465ee728b)
Start importing Assets/CourseAssets/Textures/Sprites/Bosses/SkullFace/SkullFaceIdleUp.png using Guid(969e2c49626c94948a5f0ca92b0de676) Importer(815301076,1909f56bfc062723c751e8b465ee728b) [PhysX] Initialized MultithreadedTaskDispatcher with 12 workers.
[PhysX] Initialized MultithreadedTaskDispatcher with 12 workers.
 -> (artifact id: 'a5999aa8bc25c5e4a4595a7545f004dd') in 0.236699 seconds
Number of updated asset objects reloaded before import = 0
Number of asset objects unloaded after import = 5464
Editor requested this worker to shutdown with reason: Scaling down because of idle timeout
TcpMessagingSession - receive error: operation aborted. errorcode: 995, details: The I/O operation has been aborted because of either a thread exit or an application request.
AssetImportWorker is now disconnected from the server
Process exiting
Exiting without the bug reporter. Application will terminate with return code 0